#
# A fatal error has been detected by the Java Runtime Environment:
#
#  SIGSEGV (0xb) at pc=0x00007fccc01cb9eb, pid=30911, tid=140517387056896
#
# JRE version: Java(TM) SE Runtime Environment (8.0_91-b14) (build 1.8.0_91-b14)
# Java VM: Java HotSpot(TM) 64-Bit Server VM (25.91-b14 mixed mode linux-amd64 compressed oops)
# Problematic frame:
# C  [libgdx-box2d64.so+0x219eb]  b2BlockAllocator::Allocate(int)+0x4b
#
# Failed to write core dump. Core dumps have been disabled. To enable core dumping, try "ulimit -c unlimited" before starting Java again
#
# If you would like to submit a bug report, please visit:
#   http://bugreport.java.com/bugreport/crash.jsp
# The crash happened outside the Java Virtual Machine in native code.
# See problematic frame for where to report the bug.
#

---------------  T H R E A D  ---------------

Current thread (0x00007fcd2051f000):  JavaThread "LWJGL Application" [_thread_in_native, id=30940, stack(0x00007fccc0e0b000,0x00007fccc0f0c000)]

siginfo: si_signo: 11 (SIGSEGV), si_code: 1 (SEGV_MAPERR), si_addr: 0x00007fce9c539630

Registers:
RAX=0x00007fce9c539630, RBX=0x00007fcc9c51d170, RCX=0x0000000000000000, RDX=0x00007fcc9c51d170
RSP=0x00007fccc0f09340, RBP=0x00007fcc9c51d1a0, RSI=0x00000000000000b8, RDI=0x00007fcc9c51d170
R8 =0x0000000000000001, R9 =0x0000000000000001, R10=0x0000000000000000, R11=0x00007fcd28c19850
R12=0x0000000000000000, R13=0x0000000000000006, R14=0x00007fccc0f09568, R15=0x00007fcd2051f000
RIP=0x00007fccc01cb9eb, EFLAGS=0x0000000000010206, CSGSFS=0x0000000000000033, ERR=0x0000000000000004
  TRAPNO=0x000000000000000e

Top of Stack: (sp=0x00007fccc0f09340)
0x00007fccc0f09340:   0000000000000000 00007fcc9c51d170
0x00007fccc0f09350:   00007fccc0f093a0 0000000000000000
0x00007fccc0f09360:   00007fccc04881f8 00007fccc01e12af
0x00007fccc0f09370:   00007fcd1100564c 00007fccc0f09568
0x00007fccc0f09380:   00007fcc9c51d170 00007fccc04881f8
0x00007fccc0f09390:   00007fccc0f094c0 00007fccc01e7020
0x00007fccc0f093a0:   c054cccd00000000 00000000bfd33334
0x00007fccc0f093b0:   0000000000000000 0000000000000000
0x00007fccc0f093c0:   0000010100000000 0000000000000001
0x00007fccc0f093d0:   0000000000000000 000000003f800000
0x00007fccc0f093e0:   0000000000000000 00007fcd1101c804
0x00007fccc0f093f0:   0000000000000000 0000000000000000
0x00007fccc0f09400:   0000000000000001 000000003f800000
0x00007fccc0f09410:   00007fcd116117bc 0000000000000000
0x00007fccc0f09420:   00007fccc0f09550 00007fcd11611bdc
0x00007fccc0f09430:   00007fcd25016494 00007fcd2051f000
0x00007fccc0f09440:   00007fcd2051f1f8 00007fcd292152a0
0x00007fccc0f09450:   00007fcd2051f000 00007fcc9c000b10
0x00007fccc0f09460:   000000000000000b 00007fcd1129b8af
0x00007fccc0f09470:   00007fcd2051f000 0000000000000000
0x00007fccc0f09480:   00007fccc0f09480 00007fccc04881f8
0x00007fccc0f09490:   00007fccc0f09568 00007fccc049d558
0x00007fccc0f094a0:   0000000000000000 00007fccc04881f8
0x00007fccc0f094b0:   0000000000000000 00007fccc0f094e0
0x00007fccc0f094c0:   00007fccc0f095b0 00007fcd11007e50
0x00007fccc0f094d0:   0000000000000000 00007fcd11016477
0x00007fccc0f094e0:   00007fcc3f800000 0000000000000001
0x00007fccc0f094f0:   0000000000000000 0000000000000000
0x00007fccc0f09500:   0000000000000001 0000000000000001
0x00007fccc0f09510:   00007fcc00000000 00007fcc00000000
0x00007fccc0f09520:   0000000000000000 00007fcc00000000
0x00007fccc0f09530:   0000000000000000 00007fcc00000000 

Instructions: (pc=0x00007fccc01cb9eb)
0x00007fccc01cb9cb:   0f b6 04 30 3c 0d 44 0f b6 e8 0f 87 ae 01 00 00
0x00007fccc01cb9db:   48 8d 2c c7 48 89 fb 48 8b 45 10 48 85 c0 74 35
0x00007fccc01cb9eb:   48 8b 10 48 89 c7 48 89 f8 48 89 55 10 48 83 c4
0x00007fccc01cb9fb:   08 5b 5d 41 5c 41 5d c3 0f 1f 44 00 00 48 83 c4 

Register to memory mapping:

RAX=0x00007fce9c539630 is an unknown value
RBX=0x00007fcc9c51d170 is an unknown value
RCX=0x0000000000000000 is an unknown value
RDX=0x00007fcc9c51d170 is an unknown value
RSP=0x00007fccc0f09340 is pointing into the stack for thread: 0x00007fcd2051f000
RBP=0x00007fcc9c51d1a0 is an unknown value
RSI=0x00000000000000b8 is an unknown value
RDI=0x00007fcc9c51d170 is an unknown value
R8 =0x0000000000000001 is an unknown value
R9 =0x0000000000000001 is an unknown value
R10=0x0000000000000000 is an unknown value
R11=0x00007fcd28c19850: <offset 0x9bb850> in /usr/lib/jvm/java-8-oracle/jre/lib/amd64/server/libjvm.so at 0x00007fcd2825e000
R12=0x0000000000000000 is an unknown value
R13=0x0000000000000006 is an unknown value
R14=0x00007fccc0f09568 is pointing into the stack for thread: 0x00007fcd2051f000
R15=0x00007fcd2051f000 is a thread


Stack: [0x00007fccc0e0b000,0x00007fccc0f0c000],  sp=0x00007fccc0f09340,  free space=1016k
Native frames: (J=compiled Java code, j=interpreted, Vv=VM code, C=native code)
C  [libgdx-box2d64.so+0x219eb]  b2BlockAllocator::Allocate(int)+0x4b

Java frames: (J=compiled Java code, j=interpreted, Vv=VM code)
j  com.badlogic.gdx.physics.box2d.World.jniCreateBody(JIFFFFFFFFZZZZZF)J+0
j  com.badlogic.gdx.physics.box2d.World.createBody(Lcom/badlogic/gdx/physics/box2d/BodyDef;)Lcom/badlogic/gdx/physics/box2d/Body;+80
j  com.astro.core.engine.physics.PhysicsWorld.createBody(Lcom/badlogic/gdx/physics/box2d/BodyDef;)Lcom/badlogic/gdx/physics/box2d/Body;+15
j  com.astro.core.engine.physics.PhysicsWorld.createBody(Lcom/badlogic/gdx/physics/box2d/BodyDef;Ljava/lang/String;)Lcom/badlogic/gdx/physics/box2d/Body;+29
j  com.astro.core.overlap_runtime.loaders.BaseLoader.createBoody(Lcom/uwsoft/editor/renderer/data/MainItemVO;FFLjava/lang/String;)Lcom/badlogic/gdx/physics/box2d/Body;+45
j  com.astro.core.overlap_runtime.loaders.ComponentLoader.register(Lcom/uwsoft/editor/renderer/data/SimpleImageVO;)Lcom/astro/core/objects/interfaces/IGameObject;+130
j  com.astro.core.overlap_runtime.OverlapSceneReader$$Lambda$22.apply(Ljava/lang/Object;)Ljava/lang/Object;+8
j  java.util.stream.ReferencePipeline$3$1.accept(Ljava/lang/Object;)V+12
j  java.util.ArrayList$ArrayListSpliterator.forEachRemaining(Ljava/util/function/Consumer;)V+99
J 1254 C1 java.util.stream.AbstractPipeline.copyInto(Ljava/util/stream/Sink;Ljava/util/Spliterator;)V (53 bytes) @ 0x00007fcd1149c534 [0x00007fcd1149c040+0x4f4]
J 1252 C1 java.util.stream.AbstractPipeline.wrapAndCopyInto(Ljava/util/stream/Sink;Ljava/util/Spliterator;)Ljava/util/stream/Sink; (18 bytes) @ 0x00007fcd11495d74 [0x00007fcd11495b40+0x234]
j  java.util.stream.ReduceOps$ReduceOp.evaluateSequential(Ljava/util/stream/PipelineHelper;Ljava/util/Spliterator;)Ljava/lang/Object;+6
J 1133 C1 java.util.stream.AbstractPipeline.evaluate(Ljava/util/stream/TerminalOp;)Ljava/lang/Object; (94 bytes) @ 0x00007fcd1144c71c [0x00007fcd1144c240+0x4dc]
j  java.util.stream.ReferencePipeline.collect(Ljava/util/stream/Collector;)Ljava/lang/Object;+86
j  com.astro.core.overlap_runtime.OverlapSceneReader.registerImages(Ljava/util/ArrayList;)Lcom/astro/core/overlap_runtime/OverlapSceneReader;+35
j  com.astro.core.overlap_runtime.OverlapSceneReader.loadComposite(Lcom/uwsoft/editor/renderer/data/CompositeVO;)Lcom/astro/core/overlap_runtime/OverlapSceneReader;+29
j  com.astro.core.overlap_runtime.OverlapSceneReader.loadScene()Lcom/astro/core/overlap_runtime/OverlapSceneReader;+38
j  com.astro.core.engine.stage.StageFactory.getMapElements(Lcom/astro/core/engine/stage/StageConfig;)Ljava/util/ArrayList;+11
j  com.astro.core.engine.stage.StageFactory.create(Lcom/astro/core/engine/stage/StageConfig;)Lcom/astro/core/engine/stage/GameStage;+33
j  com.astro.core.engine.base.GameLogic.loadStage()V+44
j  com.astro.core.engine.base.GameLogic.keyPressEvent(I)V+63
j  com.astro.core.observe.KeyObserve.lambda$null$2(ILcom/astro/core/observe/IKeyObserver;)V+6
j  com.astro.core.observe.KeyObserve$$Lambda$43.accept(Ljava/lang/Object;)V+12
j  java.util.LinkedList$ListItr.forEachRemaining(Ljava/util/function/Consumer;)V+41
j  com.astro.core.observe.KeyObserve.lambda$handleInput$3(Ljava/util/LinkedList;I)V+11
j  com.astro.core.observe.KeyObserve$$Lambda$39.accept(I)V+9
j  java.util.stream.ForEachOps$ForEachOp$OfInt.accept(I)V+5
J 1093 C1 java.util.stream.IntPipeline$9$1.accept(I)V (27 bytes) @ 0x00007fcd1142782c [0x00007fcd11427620+0x20c]
J 1093 C1 java.util.stream.IntPipeline$9$1.accept(I)V (27 bytes) @ 0x00007fcd1142782c [0x00007fcd11427620+0x20c]
J 1262 C1 java.util.Spliterators$IntArraySpliterator.forEachRemaining(Ljava/util/function/IntConsumer;)V (68 bytes) @ 0x00007fcd1149e8f4 [0x00007fcd1149e6c0+0x234]
J 1444 C1 java.util.Spliterator$OfInt.forEachRemaining(Ljava/util/function/Consumer;)V (53 bytes) @ 0x00007fcd11570a24 [0x00007fcd11570360+0x6c4]
J 1254 C1 java.util.stream.AbstractPipeline.copyInto(Ljava/util/stream/Sink;Ljava/util/Spliterator;)V (53 bytes) @ 0x00007fcd1149c534 [0x00007fcd1149c040+0x4f4]
J 1252 C1 java.util.stream.AbstractPipeline.wrapAndCopyInto(Ljava/util/stream/Sink;Ljava/util/Spliterator;)Ljava/util/stream/Sink; (18 bytes) @ 0x00007fcd11495d74 [0x00007fcd11495b40+0x234]
J 1442 C1 java.util.stream.ForEachOps$ForEachOp$OfInt.evaluateSequential(Ljava/util/stream/PipelineHelper;Ljava/util/Spliterator;)Ljava/lang/Object; (7 bytes) @ 0x00007fcd1156670c [0x00007fcd115665a0+0x16c]
J 1133 C1 java.util.stream.AbstractPipeline.evaluate(Ljava/util/stream/TerminalOp;)Ljava/lang/Object; (94 bytes) @ 0x00007fcd1144c71c [0x00007fcd1144c240+0x4dc]
J 1416 C1 com.astro.core.observe.KeyObserve.handleInput()V (52 bytes) @ 0x00007fcd115568dc [0x00007fcd11555660+0x127c]
J 1415 C1 com.astro.core.engine.base.GameEngine.render()V (83 bytes) @ 0x00007fcd1155300c [0x00007fcd11552d00+0x30c]
j  com.badlogic.gdx.backends.lwjgl.LwjglApplication.mainLoop()V+698
j  com.badlogic.gdx.backends.lwjgl.LwjglApplication$1.run()V+27
v  ~StubRoutines::call_stub

---------------  P R O C E S S  ---------------

Java Threads: ( => current thread )
  0x00007fcc9c013800 JavaThread "process reaper" daemon [_thread_blocked, id=30942, stack(0x00007fcd08066000,0x00007fcd0809f000)]
  0x00007fcd2000e800 JavaThread "DestroyJavaVM" [_thread_blocked, id=30912, stack(0x00007fcd29d1c000,0x00007fcd29e1d000)]
=>0x00007fcd2051f000 JavaThread "LWJGL Application" [_thread_in_native, id=30940, stack(0x00007fccc0e0b000,0x00007fccc0f0c000)]
  0x00007fcd2044d000 JavaThread "AWT-XAWT" daemon [_thread_in_native, id=30936, stack(0x00007fcd016d7000,0x00007fcd017d8000)]
  0x00007fcd20429000 JavaThread "Java2D Disposer" daemon [_thread_blocked, id=30935, stack(0x00007fcd01be9000,0x00007fcd01cea000)]
  0x00007fcd200d6000 JavaThread "Service Thread" daemon [_thread_blocked, id=30933, stack(0x00007fcd03eff000,0x00007fcd04000000)]
  0x00007fcd200d2800 JavaThread "C1 CompilerThread2" daemon [_thread_in_native, id=30932, stack(0x00007fcd0809f000,0x00007fcd081a0000)]
  0x00007fcd200d1000 JavaThread "C2 CompilerThread1" daemon [_thread_in_native, id=30931, stack(0x00007fcd100ef000,0x00007fcd101f0000)]
  0x00007fcd200ce000 JavaThread "C2 CompilerThread0" daemon [_thread_in_native, id=30930, stack(0x00007fcd101f0000,0x00007fcd102f1000)]
  0x00007fcce8001000 JavaThread "JDWP Command Reader" daemon [_thread_in_native, id=30929, stack(0x00007fcd102f1000,0x00007fcd103f2000)]
  0x00007fcd200cb800 JavaThread "JDWP Event Helper Thread" daemon [_thread_blocked, id=30927, stack(0x00007fcd103f2000,0x00007fcd104f3000)]
  0x00007fcd200c8000 JavaThread "JDWP Transport Listener: dt_socket" daemon [_thread_blocked, id=30925, stack(0x00007fcd104f3000,0x00007fcd105f4000)]
  0x00007fcd200bb000 JavaThread "Signal Dispatcher" daemon [_thread_blocked, id=30924, stack(0x00007fcd107f8000,0x00007fcd108f9000)]
  0x00007fcd20088800 JavaThread "Finalizer" daemon [_thread_blocked, id=30923, stack(0x00007fcd108f9000,0x00007fcd109fa000)]
  0x00007fcd20084000 JavaThread "Reference Handler" daemon [_thread_blocked, id=30922, stack(0x00007fcd109fa000,0x00007fcd10afb000)]

Other Threads:
  0x00007fcd2007c800 VMThread [stack: 0x00007fcd10afb000,0x00007fcd10bfc000] [id=30921]
  0x00007fcd200d9000 WatcherThread [stack: 0x00007fcd03dfe000,0x00007fcd03eff000] [id=30934]

VM state:not at safepoint (normal execution)

VM Mutex/Monitor currently owned by a thread: None

Heap:
 PSYoungGen      total 37888K, used 17702K [0x00000000d6700000, 0x00000000d9100000, 0x0000000100000000)
  eden space 32768K, 38% used [0x00000000d6700000,0x00000000d734c470,0x00000000d8700000)
  from space 5120K, 99% used [0x00000000d8700000,0x00000000d8bfd570,0x00000000d8c00000)
  to   space 5120K, 0% used [0x00000000d8c00000,0x00000000d8c00000,0x00000000d9100000)
 ParOldGen       total 86016K, used 685K [0x0000000083400000, 0x0000000088800000, 0x00000000d6700000)
  object space 86016K, 0% used [0x0000000083400000,0x00000000834ab4a0,0x0000000088800000)
 Metaspace       used 12279K, capacity 12701K, committed 12928K, reserved 1060864K
  class space    used 1194K, capacity 1301K, committed 1408K, reserved 1048576K

Card table byte_map: [0x00007fcd26152000,0x00007fcd26539000] byte_map_base: 0x00007fcd25d38000

Marking Bits: (ParMarkBitMap*) 0x00007fcd29214d60
 Begin Bits: [0x00007fcd081a0000, 0x00007fcd0a0d0000)
 End Bits:   [0x00007fcd0a0d0000, 0x00007fcd0c000000)

Polling page: 0x00007fcd29e3a000

CodeCache: size=245760Kb used=6879Kb max_used=6894Kb free=238881Kb
 bounds [0x00007fcd11000000, 0x00007fcd116c0000, 0x00007fcd20000000]
 total_blobs=2396 nmethods=1771 adapters=545
 compilation: enabled

Compilation events (10 events):
Event: 16,085 Thread 0x00007fcd200d2800 nmethod 1782 0x00007fcd116ab110 code [0x00007fcd116ab2a0, 0x00007fcd116ab6d8]
Event: 16,150 Thread 0x00007fcd200ce000 1783       4       com.badlogic.gdx.math.Plane::set (60 bytes)
Event: 16,153 Thread 0x00007fcd200ce000 nmethod 1783 0x00007fcd116a99d0 code [0x00007fcd116a9b60, 0x00007fcd116a9ef8]
Event: 16,552 Thread 0x00007fcd200d1000 1784       4       sun.nio.cs.UTF_8$Decoder::decodeArrayLoop (691 bytes)
Event: 16,552 Thread 0x00007fcd200d2800 1785       3       java.lang.StringBuilder::append (10 bytes)
Event: 16,553 Thread 0x00007fcd200d2800 nmethod 1785 0x00007fcd11643990 code [0x00007fcd11643b00, 0x00007fcd11643ca8]
Event: 16,553 Thread 0x00007fcd200d2800 1787   !   3       com.badlogic.gdx.utils.JsonReader::parse (3202 bytes)
Event: 16,553 Thread 0x00007fcd200ce000 1788       4       com.badlogic.gdx.utils.JsonReader::addChild (128 bytes)
Event: 16,558 Thread 0x00007fcd200ce000 nmethod 1788 0x00007fcd116a7f10 code [0x00007fcd116a8100, 0x00007fcd116a8728]
Event: 16,558 Thread 0x00007fcd200ce000 1790   !   4       sun.misc.FloatingDecimal::readJavaFormatString (794 bytes)

GC Heap History (2 events):
Event: 15,551 GC heap before
{Heap before GC invocations=1 (full 0):
 PSYoungGen      total 37888K, used 32763K [0x00000000d6700000, 0x00000000d9100000, 0x0000000100000000)
  eden space 32768K, 99% used [0x00000000d6700000,0x00000000d86fee60,0x00000000d8700000)
  from space 5120K, 0% used [0x00000000d8c00000,0x00000000d8c00000,0x00000000d9100000)
  to   space 5120K, 0% used [0x00000000d8700000,0x00000000d8700000,0x00000000d8c00000)
 ParOldGen       total 86016K, used 0K [0x0000000083400000, 0x0000000088800000, 0x00000000d6700000)
  object space 86016K, 0% used [0x0000000083400000,0x0000000083400000,0x0000000088800000)
 Metaspace       used 12067K, capacity 12409K, committed 12672K, reserved 1060864K
  class space    used 1178K, capacity 1293K, committed 1408K, reserved 1048576K
Event: 15,558 GC heap after
Heap after GC invocations=1 (full 0):
 PSYoungGen      total 37888K, used 5109K [0x00000000d6700000, 0x00000000d9100000, 0x0000000100000000)
  eden space 32768K, 0% used [0x00000000d6700000,0x00000000d6700000,0x00000000d8700000)
  from space 5120K, 99% used [0x00000000d8700000,0x00000000d8bfd570,0x00000000d8c00000)
  to   space 5120K, 0% used [0x00000000d8c00000,0x00000000d8c00000,0x00000000d9100000)
 ParOldGen       total 86016K, used 685K [0x0000000083400000, 0x0000000088800000, 0x00000000d6700000)
  object space 86016K, 0% used [0x0000000083400000,0x00000000834ab4a0,0x0000000088800000)
 Metaspace       used 12067K, capacity 12409K, committed 12672K, reserved 1060864K
  class space    used 1178K, capacity 1293K, committed 1408K, reserved 1048576K
}

Deoptimization events (10 events):
Event: 0,172 Thread 0x00007fcd2000e800 Uncommon trap: reason=unstable_if action=reinterpret pc=0x00007fcd1119eeec method=java.lang.String.indexOf([CII[CIII)I @ 3
Event: 0,323 Thread 0x00007fcd2051f000 Uncommon trap: reason=unstable_if action=reinterpret pc=0x00007fcd111934f8 method=java.lang.String.replace(CC)Ljava/lang/String; @ 26
Event: 0,735 Thread 0x00007fcd2051f000 Uncommon trap: reason=unstable_if action=reinterpret pc=0x00007fcd1120384c method=java.lang.String.<init>([CII)V @ 18
Event: 1,138 Thread 0x00007fcd2051f000 Uncommon trap: reason=intrinsic action=make_not_entrant pc=0x00007fcd1135dea0 method=com.badlogic.gdx.graphics.g2d.freetype.FreeType$Bitmap.getPixmap(Lcom/badlogic/gdx/graphics/Pixmap$Format;Lcom/badlogic/gdx/graphics/Color;F)Lcom/badlogic/gdx/graphics/Pi
Event: 1,147 Thread 0x00007fcd2051f000 Uncommon trap: reason=intrinsic action=make_not_entrant pc=0x00007fcd11395cc4 method=com.badlogic.gdx.graphics.g2d.freetype.FreeType$Bitmap.getPixmap(Lcom/badlogic/gdx/graphics/Pixmap$Format;Lcom/badlogic/gdx/graphics/Color;F)Lcom/badlogic/gdx/graphics/Pi
Event: 15,540 Thread 0x00007fcd2051f000 Uncommon trap: reason=unstable_if action=reinterpret pc=0x00007fcd1142c010 method=com.badlogic.gdx.utils.ObjectMap.getStash(Ljava/lang/Object;)Ljava/lang/Object; @ 21
Event: 15,692 Thread 0x00007fcd2051f000 Uncommon trap: reason=unstable_if action=reinterpret pc=0x00007fcd1152486c method=com.badlogic.gdx.graphics.g2d.SpriteBatch.flush()V @ 41
Event: 15,696 Thread 0x00007fcd2051f000 Uncommon trap: reason=unstable_if action=reinterpret pc=0x00007fcd114dfd24 method=com.badlogic.gdx.utils.Pool.obtain()Ljava/lang/Object; @ 7
Event: 15,696 Thread 0x00007fcd2051f000 Uncommon trap: reason=unstable_if action=reinterpret pc=0x00007fcd11550e4c method=com.badlogic.gdx.utils.Array.ensureCapacity(I)[Ljava/lang/Object; @ 13
Event: 15,696 Thread 0x00007fcd2051f000 Uncommon trap: reason=unstable_if action=reinterpret pc=0x00007fcd11546a80 method=com.badlogic.gdx.graphics.g2d.BitmapFontCache.requirePageGlyphs(II)V @ 65

Internal exceptions (10 events):
Event: 0,274 Thread 0x00007fcd2000e800 Exception <a 'java/security/PrivilegedActionException'> (0x00000000d6e3a518) thrown at [/HUDSON/workspace/8-2-build-linux-amd64/jdk8u91/6644/hotspot/src/share/vm/prims/jvm.cpp, line 1386]
Event: 0,274 Thread 0x00007fcd2000e800 Exception <a 'java/security/PrivilegedActionException'> (0x00000000d6e3c380) thrown at [/HUDSON/workspace/8-2-build-linux-amd64/jdk8u91/6644/hotspot/src/share/vm/prims/jvm.cpp, line 1386]
Event: 0,274 Thread 0x00007fcd2000e800 Exception <a 'java/security/PrivilegedActionException'> (0x00000000d6e3cfd8) thrown at [/HUDSON/workspace/8-2-build-linux-amd64/jdk8u91/6644/hotspot/src/share/vm/prims/jvm.cpp, line 1386]
Event: 0,274 Thread 0x00007fcd2000e800 Exception <a 'java/security/PrivilegedActionException'> (0x00000000d6e3dc00) thrown at [/HUDSON/workspace/8-2-build-linux-amd64/jdk8u91/6644/hotspot/src/share/vm/prims/jvm.cpp, line 1386]
Event: 0,341 Thread 0x00007fcd2051f000 Exception <a 'java/lang/NoClassDefFoundError': org/lwjgl/opengles/GLContext> (0x00000000d7224d08) thrown at [/HUDSON/workspace/8-2-build-linux-amd64/jdk8u91/6644/hotspot/src/share/vm/classfile/systemDictionary.cpp, line 199]
Event: 0,801 Thread 0x00007fcd2051f000 Exception <a 'java/lang/ArrayIndexOutOfBoundsException'> (0x00000000d798d030) thrown at [/HUDSON/workspace/8-2-build-linux-amd64/jdk8u91/6644/hotspot/src/share/vm/runtime/sharedRuntime.cpp, line 605]
Event: 0,801 Thread 0x00007fcd2051f000 Exception <a 'java/lang/ArrayIndexOutOfBoundsException'> (0x00000000d798eb40) thrown at [/HUDSON/workspace/8-2-build-linux-amd64/jdk8u91/6644/hotspot/src/share/vm/runtime/sharedRuntime.cpp, line 605]
Event: 0,816 Thread 0x00007fcd2051f000 Exception <a 'java/lang/ArrayIndexOutOfBoundsException'> (0x00000000d7a8b8d8) thrown at [/HUDSON/workspace/8-2-build-linux-amd64/jdk8u91/6644/hotspot/src/share/vm/runtime/sharedRuntime.cpp, line 605]
Event: 0,817 Thread 0x00007fcd2051f000 Exception <a 'java/lang/ArrayIndexOutOfBoundsException'> (0x00000000d7a8f0e0) thrown at [/HUDSON/workspace/8-2-build-linux-amd64/jdk8u91/6644/hotspot/src/share/vm/runtime/sharedRuntime.cpp, line 605]
Event: 15,696 Thread 0x00007fcd2051f000 Implicit null exception at 0x00007fcd115456d7 to 0x00007fcd11546a29

Events (10 events):
Event: 15,697 Thread 0x00007fcd2051f000 DEOPT PACKING pc=0x00007fcd111adff4 sp=0x00007fccc0f08fd0
Event: 15,697 Thread 0x00007fcd2051f000 DEOPT UNPACKING pc=0x00007fcd11047233 sp=0x00007fccc0f08e10 mode 1
Event: 15,888 Thread 0x00007fcd2051f000 DEOPT PACKING pc=0x00007fcd115b7c12 sp=0x00007fccc0f09670
Event: 15,888 Thread 0x00007fcd2051f000 DEOPT UNPACKING pc=0x00007fcd11047233 sp=0x00007fccc0f093c0 mode 0
Event: 16,552 Thread 0x00007fcd2051f000 DEOPT PACKING pc=0x00007fcd1130b996 sp=0x00007fccc0f09510
Event: 16,552 Thread 0x00007fcd2051f000 DEOPT UNPACKING pc=0x00007fcd11047233 sp=0x00007fccc0f09380 mode 0
Event: 16,552 Thread 0x00007fcd2051f000 DEOPT PACKING pc=0x00007fcd1130b996 sp=0x00007fccc0f09510
Event: 16,552 Thread 0x00007fcd2051f000 DEOPT UNPACKING pc=0x00007fcd11047233 sp=0x00007fccc0f09380 mode 0
Event: 16,552 Thread 0x00007fcd2051f000 DEOPT PACKING pc=0x00007fcd1130b996 sp=0x00007fccc0f09510
Event: 16,552 Thread 0x00007fcd2051f000 DEOPT UNPACKING pc=0x00007fcd11047233 sp=0x00007fccc0f09380 mode 0


Dynamic libraries:
00400000-00401000 r-xp 00000000 08:11 203782046                          /usr/lib/jvm/java-8-oracle/bin/java
00600000-00601000 rw-p 00000000 08:11 203782046                          /usr/lib/jvm/java-8-oracle/bin/java
01c3e000-02062000 rw-p 00000000 00:00 0                                  [heap]
400a2000-400a4000 r-xs 00000000 08:11 70205091                           /tmp/.glnoXO7P (deleted)
407a2000-40841000 rw-p 00000000 00:00 0 
83400000-88800000 rw-p 00000000 00:00 0 
88800000-d6700000 ---p 00000000 00:00 0 
d6700000-d9100000 rw-p 00000000 00:00 0 
d9100000-100000000 ---p 00000000 00:00 0 
100000000-100160000 rw-p 00000000 00:00 0 
100160000-140000000 ---p 00000000 00:00 0 
7fcc94000000-7fcc962ba000 rw-p 00000000 00:00 0 
7fcc962ba000-7fcc98000000 ---p 00000000 00:00 0 
7fcc9c000000-7fcc9ff10000 rw-p 00000000 00:00 0 
7fcc9ff10000-7fcca0000000 ---p 00000000 00:00 0 
7fcca0000000-7fcca0021000 rw-p 00000000 00:00 0 
7fcca0021000-7fcca4000000 ---p 00000000 00:00 0 
7fcca4000000-7fcca4021000 rw-p 00000000 00:00 0 
7fcca4021000-7fcca8000000 ---p 00000000 00:00 0 
7fccab9ff000-7fccabb3f000 rw-p 00000000 00:00 0 
7fccabb3f000-7fccabbff000 ---p 00000000 00:00 0 
7fccabfff000-7fccb0000000 rw-s 00000000 00:13 20436                      /dev/shm/pulse-shm-4168823097
7fccb0000000-7fccb0021000 rw-p 00000000 00:00 0 
7fccb0021000-7fccb4000000 ---p 00000000 00:00 0 
7fccb40ba000-7fccb4164000 r-xp 00000000 08:11 202443784                  /tmp/libgdxkamil/a663e0f9/libgdx-freetype64.so
7fccb4164000-7fccb4364000 ---p 000aa000 08:11 202443784                  /tmp/libgdxkamil/a663e0f9/libgdx-freetype64.so
7fccb4364000-7fccb436a000 r--p 000aa000 08:11 202443784                  /tmp/libgdxkamil/a663e0f9/libgdx-freetype64.so
7fccb436a000-7fccb436b000 rw-p 000b0000 08:11 202443784                  /tmp/libgdxkamil/a663e0f9/libgdx-freetype64.so
7fccb436b000-7fccb476b000 rw-s 201316000 00:06 20853                     /dev/nvidiactl
7fccb4b6b000-7fccb4f6b000 rw-s 2a8c1000 00:06 20853                      /dev/nvidiactl
7fccb4f6b000-7fccb536b000 rw-s 1c04c9000 00:06 20853                     /dev/nvidiactl
7fccb536b000-7fccb556b000 rw-s d9519000 00:06 20853                      /dev/nvidiactl
7fccb556b000-7fccb6f69000 r-xp 00000000 08:11 201328759                  /usr/lib/x86_64-linux-gnu/libnvidia-glcore.so.352.79
7fccb6f69000-7fccb6f89000 rwxp 019fe000 08:11 201328759                  /usr/lib/x86_64-linux-gnu/libnvidia-glcore.so.352.79
7fccb6f89000-7fccb7250000 r-xp 01a1e000 08:11 201328759                  /usr/lib/x86_64-linux-gnu/libnvidia-glcore.so.352.79
7fccb7250000-7fccb744f000 ---p 01ce5000 08:11 201328759                  /usr/lib/x86_64-linux-gnu/libnvidia-glcore.so.352.79
7fccb744f000-7fccb7fec000 rw-p 01ce4000 08:11 201328759                  /usr/lib/x86_64-linux-gnu/libnvidia-glcore.so.352.79
7fccb7fec000-7fccb7fff000 rw-p 00000000 00:00 0 
7fccb7fff000-7fccbc000000 rw-s 00000000 00:13 368544                     /dev/shm/pulse-shm-1741647212
7fccbc000000-7fccbc021000 rw-p 00000000 00:00 0 
7fccbc021000-7fccc0000000 ---p 00000000 00:00 0 
7fccc01aa000-7fccc01f6000 r-xp 00000000 08:11 134284630                  /tmp/libgdxkamil/72da4579/libgdx-box2d64.so
7fccc01f6000-7fccc03f5000 ---p 0004c000 08:11 134284630                  /tmp/libgdxkamil/72da4579/libgdx-box2d64.so
7fccc03f5000-7fccc03f7000 r--p 0004b000 08:11 134284630                  /tmp/libgdxkamil/72da4579/libgdx-box2d64.so
7fccc03f7000-7fccc03f8000 rw-p 0004d000 08:11 134284630                  /tmp/libgdxkamil/72da4579/libgdx-box2d64.so
7fccc03f8000-7fccc05f8000 rw-p 00000000 00:00 0 
7fccc05f8000-7fccc0678000 rw-s 213a90000 00:06 20853                     /dev/nvidiactl
7fccc0678000-7fccc06f8000 rw-s 20421e000 00:06 20853                     /dev/nvidiactl
7fccc06f8000-7fccc0778000 rw-s 211e4c000 00:06 20853                     /dev/nvidiactl
7fccc0878000-7fccc0898000 rw-s e01a0000 00:06 20854                      /dev/nvidia0
7fccc0898000-7fccc08d8000 rw-s 1a2f1c000 00:06 20853                     /dev/nvidiactl
7fccc08d8000-7fccc08db000 r-xp 00000000 08:11 201328757                  /usr/lib/x86_64-linux-gnu/tls/libnvidia-tls.so.352.79
7fccc08db000-7fccc0ada000 ---p 00003000 08:11 201328757                  /usr/lib/x86_64-linux-gnu/tls/libnvidia-tls.so.352.79
7fccc0ada000-7fccc0adb000 rw-p 00002000 08:11 201328757                  /usr/lib/x86_64-linux-gnu/tls/libnvidia-tls.so.352.79
7fccc0adb000-7fccc0b99000 r-xp 00000000 08:11 71644474                   /usr/lib/x86_64-linux-gnu/nvidia/current/libGL.so.352.79
7fccc0b99000-7fccc0bcc000 rwxp 000be000 08:11 71644474                   /usr/lib/x86_64-linux-gnu/nvidia/current/libGL.so.352.79
7fccc0bcc000-7fccc0bde000 r-xp 000f1000 08:11 71644474                   /usr/lib/x86_64-linux-gnu/nvidia/current/libGL.so.352.79
7fccc0bde000-7fccc0ddd000 ---p 00103000 08:11 71644474                   /usr/lib/x86_64-linux-gnu/nvidia/current/libGL.so.352.79
7fccc0ddd000-7fccc0e05000 rw-p 00102000 08:11 71644474                   /usr/lib/x86_64-linux-gnu/nvidia/current/libGL.so.352.79
7fccc0e05000-7fccc0e0b000 rw-p 00000000 00:00 0 
7fccc0e0b000-7fccc0e0e000 ---p 00000000 00:00 0 
7fccc0e0e000-7fccc0f0c000 rw-p 00000000 00:00 0 
7fccc0f0c000-7fccc0f0d000 ---p 00000000 00:00 0 
7fccc0f0d000-7fccc100d000 rw-p 00000000 00:00 0 
7fccc100d000-7fccc100e000 ---p 00000000 00:00 0 
7fccc100e000-7fccc180e000 rw-p 00000000 00:00 0 
7fccc180e000-7fccc1839000 r-xp 00000000 08:11 202481722                  /usr/lib/x86_64-linux-gnu/libvorbis.so.0.4.8
7fccc1839000-7fccc1a38000 ---p 0002b000 08:11 202481722                  /usr/lib/x86_64-linux-gnu/libvorbis.so.0.4.8
7fccc1a38000-7fccc1a39000 r--p 0002a000 08:11 202481722                  /usr/lib/x86_64-linux-gnu/libvorbis.so.0.4.8
7fccc1a39000-7fccc1a3a000 rw-p 0002b000 08:11 202481722                  /usr/lib/x86_64-linux-gnu/libvorbis.so.0.4.8
7fccc1a3a000-7fccc1a41000 r-xp 00000000 08:11 202380200                  /usr/lib/x86_64-linux-gnu/libogg.so.0.8.2
7fccc1a41000-7fccc1c41000 ---p 00007000 08:11 202380200                  /usr/lib/x86_64-linux-gnu/libogg.so.0.8.2
7fccc1c41000-7fccc1c42000 r--p 00007000 08:11 202380200                  /usr/lib/x86_64-linux-gnu/libogg.so.0.8.2
7fccc1c42000-7fccc1c43000 rw-p 00008000 08:11 202380200                  /usr/lib/x86_64-linux-gnu/libogg.so.0.8.2
7fccc1c43000-7fccc1c55000 r-xp 00000000 08:11 67254979                   /lib/x86_64-linux-gnu/libgpg-error.so.0.18.0
7fccc1c55000-7fccc1e55000 ---p 00012000 08:11 67254979                   /lib/x86_64-linux-gnu/libgpg-error.so.0.18.0
7fccc1e55000-7fccc1e56000 r--p 00012000 08:11 67254979                   /lib/x86_64-linux-gnu/libgpg-error.so.0.18.0
7fccc1e56000-7fccc1e57000 rw-p 00013000 08:11 67254979                   /lib/x86_64-linux-gnu/libgpg-error.so.0.18.0
7fccc1e57000-7fccc1ec5000 r-xp 00000000 08:11 69797371                   /lib/x86_64-linux-gnu/libpcre.so.3.13.2
7fccc1ec5000-7fccc20c5000 ---p 0006e000 08:11 69797371                   /lib/x86_64-linux-gnu/libpcre.so.3.13.2
7fccc20c5000-7fccc20c6000 r--p 0006e000 08:11 69797371                   /lib/x86_64-linux-gnu/libpcre.so.3.13.2
7fccc20c6000-7fccc20c7000 rw-p 0006f000 08:11 69797371                   /lib/x86_64-linux-gnu/libpcre.so.3.13.2
7fccc20c7000-7fccc20db000 r-xp 00000000 08:11 67255222                   /lib/x86_64-linux-gnu/libresolv-2.22.so
7fccc20db000-7fccc22da000 ---p 00014000 08:11 67255222                   /lib/x86_64-linux-gnu/libresolv-2.22.so
7fccc22da000-7fccc22db000 r--p 00013000 08:11 67255222                   /lib/x86_64-linux-gnu/libresolv-2.22.so
7fccc22db000-7fccc22dc000 rw-p 00014000 08:11 67255222                   /lib/x86_64-linux-gnu/libresolv-2.22.so
7fccc22dc000-7fccc22de000 rw-p 00000000 00:00 0 
7fccc22de000-7fccc236b000 r-xp 00000000 08:11 202380213                  /usr/lib/x86_64-linux-gnu/libvorbisenc.so.2.0.11
7fccc236b000-7fccc256a000 ---p 0008d000 08:11 202380213                  /usr/lib/x86_64-linux-gnu/libvorbisenc.so.2.0.11
7fccc256a000-7fccc2586000 r--p 0008c000 08:11 202380213                  /usr/lib/x86_64-linux-gnu/libvorbisenc.so.2.0.11
7fccc2586000-7fccc2587000 rw-p 000a8000 08:11 202380213                  /usr/lib/x86_64-linux-gnu/libvorbisenc.so.2.0.11
7fccc2587000-7fccc25fb000 r-xp 00000000 08:11 203809850                  /usr/lib/x86_64-linux-gnu/libFLAC.so.8.3.0
7fccc25fb000-7fccc27fa000 ---p 00074000 08:11 203809850                  /usr/lib/x86_64-linux-gnu/libFLAC.so.8.3.0
7fccc27fa000-7fccc27fc000 r--p 00073000 08:11 203809850                  /usr/lib/x86_64-linux-gnu/libFLAC.so.8.3.0
7fccc27fc000-7fccc27fd000 rw-p 00075000 08:11 203809850                  /usr/lib/x86_64-linux-gnu/libFLAC.so.8.3.0
7fccc27fd000-7fccc2903000 r-xp 00000000 08:11 67254040                   /lib/x86_64-linux-gnu/libgcrypt.so.20.1.0
7fccc2903000-7fccc2b02000 ---p 00106000 08:11 67254040                   /lib/x86_64-linux-gnu/libgcrypt.so.20.1.0
7fccc2b02000-7fccc2b04000 r--p 00105000 08:11 67254040                   /lib/x86_64-linux-gnu/libgcrypt.so.20.1.0
7fccc2b04000-7fccc2b0a000 rw-p 00107000 08:11 67254040                   /lib/x86_64-linux-gnu/libgcrypt.so.20.1.0
7fccc2b0a000-7fccc2b0b000 rw-p 00000000 00:00 0 
7fccc2b0b000-7fccc2b2d000 r-xp 00000000 08:11 67254185                   /lib/x86_64-linux-gnu/liblzma.so.5.0.0
7fccc2b2d000-7fccc2d2c000 ---p 00022000 08:11 67254185                   /lib/x86_64-linux-gnu/liblzma.so.5.0.0
7fccc2d2c000-7fccc2d2d000 r--p 00021000 08:11 67254185                   /lib/x86_64-linux-gnu/liblzma.so.5.0.0
7fccc2d2d000-7fccc2d2e000 rw-p 00022000 08:11 67254185                   /lib/x86_64-linux-gnu/liblzma.so.5.0.0
7fccc2d2e000-7fccc2d52000 r-xp 00000000 08:11 70203860                   /lib/x86_64-linux-gnu/libselinux.so.1
7fccc2d52000-7fccc2f51000 ---p 00024000 08:11 70203860                   /lib/x86_64-linux-gnu/libselinux.so.1
7fccc2f51000-7fccc2f52000 r--p 00023000 08:11 70203860                   /lib/x86_64-linux-gnu/libselinux.so.1
7fccc2f52000-7fccc2f53000 rw-p 00024000 08:11 70203860                   /lib/x86_64-linux-gnu/libselinux.so.1
7fccc2f53000-7fccc2f55000 rw-p 00000000 00:00 0 
7fccc2f55000-7fccc2f59000 r-xp 00000000 08:11 67254739                   /lib/x86_64-linux-gnu/libuuid.so.1.3.0
7fccc2f59000-7fccc3158000 ---p 00004000 08:11 67254739                   /lib/x86_64-linux-gnu/libuuid.so.1.3.0
7fccc3158000-7fccc3159000 r--p 00003000 08:11 67254739                   /lib/x86_64-linux-gnu/libuuid.so.1.3.0
7fccc3159000-7fccc315a000 rw-p 00004000 08:11 67254739                   /lib/x86_64-linux-gnu/libuuid.so.1.3.0
7fccc315a000-7fccc315e000 r-xp 00000000 08:11 67254000                   /lib/x86_64-linux-gnu/libattr.so.1.1.0
7fccc315e000-7fccc335d000 ---p 00004000 08:11 67254000                   /lib/x86_64-linux-gnu/libattr.so.1.1.0
7fccc335d000-7fccc335e000 r--p 00003000 08:11 67254000                   /lib/x86_64-linux-gnu/libattr.so.1.1.0
7fccc335e000-7fccc335f000 rw-p 00004000 08:11 67254000                   /lib/x86_64-linux-gnu/libattr.so.1.1.0
7fccc335f000-7fccc3364000 r-xp 00000000 08:11 202380242                  /usr/lib/x86_64-linux-gnu/libasyncns.so.0.3.1
7fccc3364000-7fccc3563000 ---p 00005000 08:11 202380242                  /usr/lib/x86_64-linux-gnu/libasyncns.so.0.3.1
7fccc3563000-7fccc3564000 r--p 00004000 08:11 202380242                  /usr/lib/x86_64-linux-gnu/libasyncns.so.0.3.1
7fccc3564000-7fccc3565000 rw-p 00005000 08:11 202380242                  /usr/lib/x86_64-linux-gnu/libasyncns.so.0.3.1
7fccc3565000-7fccc35c7000 r-xp 00000000 08:11 203340078                  /usr/lib/x86_64-linux-gnu/libsndfile.so.1.0.25
7fccc35c7000-7fccc37c7000 ---p 00062000 08:11 203340078                  /usr/lib/x86_64-linux-gnu/libsndfile.so.1.0.25
7fccc37c7000-7fccc37c9000 r--p 00062000 08:11 203340078                  /usr/lib/x86_64-linux-gnu/libsndfile.so.1.0.25
7fccc37c9000-7fccc37ca000 rw-p 00064000 08:11 203340078                  /usr/lib/x86_64-linux-gnu/libsndfile.so.1.0.25
7fccc37ca000-7fccc37ce000 rw-p 00000000 00:00 0 
7fccc37ce000-7fccc37d7000 r-xp 00000000 08:11 70256981                   /lib/x86_64-linux-gnu/libwrap.so.0.7.6
7fccc37d7000-7fccc39d6000 ---p 00009000 08:11 70256981                   /lib/x86_64-linux-gnu/libwrap.so.0.7.6
7fccc39d6000-7fccc39d7000 r--p 00008000 08:11 70256981                   /lib/x86_64-linux-gnu/libwrap.so.0.7.6
7fccc39d7000-7fccc39d8000 rw-p 00009000 08:11 70256981                   /lib/x86_64-linux-gnu/libwrap.so.0.7.6
7fccc39d8000-7fccc39d9000 rw-p 00000000 00:00 0 
7fccc39d9000-7fccc39e0000 r-xp 00000000 08:11 202443794                  /usr/lib/x86_64-linux-gnu/libSM.so.6.0.1
7fccc39e0000-7fccc3bdf000 ---p 00007000 08:11 202443794                  /usr/lib/x86_64-linux-gnu/libSM.so.6.0.1
7fccc3bdf000-7fccc3be0000 r--p 00006000 08:11 202443794                  /usr/lib/x86_64-linux-gnu/libSM.so.6.0.1
7fccc3be0000-7fccc3be1000 rw-p 00007000 08:11 202443794                  /usr/lib/x86_64-linux-gnu/libSM.so.6.0.1
7fccc3be1000-7fccc3bf9000 r-xp 00000000 08:11 202443792                  /usr/lib/x86_64-linux-gnu/libICE.so.6.3.0
7fccc3bf9000-7fccc3df8000 ---p 00018000 08:11 202443792                  /usr/lib/x86_64-linux-gnu/libICE.so.6.3.0
7fccc3df8000-7fccc3df9000 r--p 00017000 08:11 202443792                  /usr/lib/x86_64-linux-gnu/libICE.so.6.3.0
7fccc3df9000-7fccc3dfa000 rw-p 00018000 08:11 202443792                  /usr/lib/x86_64-linux-gnu/libICE.so.6.3.0
7fccc3dfa000-7fccc3dfe000 rw-p 00000000 00:00 0 
7fccc3dfe000-7fccc3dff000 r-xp 00000000 08:11 202054109                  /usr/lib/x86_64-linux-gnu/libX11-xcb.so.1.0.0
7fccc3dff000-7fccc3ffe000 ---p 00001000 08:11 202054109                  /usr/lib/x86_64-linux-gnu/libX11-xcb.so.1.0.0
7fccc3ffe000-7fccc3fff000 r--p 00000000 08:11 202054109                  /usr/lib/x86_64-linux-gnu/libX11-xcb.so.1.0.0
7fccc3fff000-7fccc4000000 rw-p 00001000 08:11 202054109                  /usr/lib/x86_64-linux-gnu/libX11-xcb.so.1.0.0
7fccc4000000-7fccc4021000 rw-p 00000000 00:00 0 
7fccc4021000-7fccc8000000 ---p 00000000 00:00 0 
7fccc8000000-7fccc8021000 rw-p 00000000 00:00 0 
7fccc8021000-7fcccc000000 ---p 00000000 00:00 0 
7fcccc000000-7fcccc722000 rw-p 00000000 00:00 0 
7fcccc722000-7fccd0000000 ---p 00000000 00:00 0 
7fccd0000000-7fccd0021000 rw-p 00000000 00:00 0 
7fccd0021000-7fccd4000000 ---p 00000000 00:00 0 
7fccd4000000-7fccd526a000 rw-p 00000000 00:00 0 
7fccd526a000-7fccd8000000 ---p 00000000 00:00 0 
7fccd8000000-7fccd84e2000 rw-p 00000000 00:00 0 
7fccd84e2000-7fccdc000000 ---p 00000000 00:00 0 
7fccdc000000-7fccdc029000 rw-p 00000000 00:00 0 
7fccdc029000-7fcce0000000 ---p 00000000 00:00 0 
7fcce0000000-7fcce0021000 rw-p 00000000 00:00 0 
7fcce0021000-7fcce4000000 ---p 00000000 00:00 0 
7fcce4000000-7fcce4021000 rw-p 00000000 00:00 0 
7fcce4021000-7fcce8000000 ---p 00000000 00:00 0 
7fcce8000000-7fcce8021000 rw-p 00000000 00:00 0 
7fcce8021000-7fccec000000 ---p 00000000 00:00 0 
7fccec000000-7fccec021000 rw-p 00000000 00:00 0 
7fccec021000-7fccf0000000 ---p 00000000 00:00 0 
7fccf0000000-7fccf0021000 rw-p 00000000 00:00 0 
7fccf0021000-7fccf4000000 ---p 00000000 00:00 0 
7fccf4000000-7fccf4021000 rw-p 00000000 00:00 0 
7fccf4021000-7fccf8000000 ---p 00000000 00:00 0 
7fccf8000000-7fccf8021000 rw-p 00000000 00:00 0 
7fccf8021000-7fccfc000000 ---p 00000000 00:00 0 
7fccfc000000-7fccfc021000 rw-p 00000000 00:00 0 
7fccfc021000-7fcd00000000 ---p 00000000 00:00 0 
7fcd00001000-7fcd00014000 rw-s cd8bf000 00:06 20853                      /dev/nvidiactl
7fcd00014000-7fcd000c8000 rw-s d8f4a000 00:06 20853                      /dev/nvidiactl
7fcd000c8000-7fcd000cc000 r-xp 00000000 08:11 70432203                   /lib/x86_64-linux-gnu/libcap.so.2.24
7fcd000cc000-7fcd002cc000 ---p 00004000 08:11 70432203                   /lib/x86_64-linux-gnu/libcap.so.2.24
7fcd002cc000-7fcd002cd000 r--p 00004000 08:11 70432203                   /lib/x86_64-linux-gnu/libcap.so.2.24
7fcd002cd000-7fcd002ce000 rw-p 00005000 08:11 70432203                   /lib/x86_64-linux-gnu/libcap.so.2.24
7fcd002ce000-7fcd0031b000 r-xp 00000000 08:11 67556010                   /lib/x86_64-linux-gnu/libdbus-1.so.3.14.6
7fcd0031b000-7fcd0051a000 ---p 0004d000 08:11 67556010                   /lib/x86_64-linux-gnu/libdbus-1.so.3.14.6
7fcd0051a000-7fcd0051c000 r--p 0004c000 08:11 67556010                   /lib/x86_64-linux-gnu/libdbus-1.so.3.14.6
7fcd0051c000-7fcd0051d000 rw-p 0004e000 08:11 67556010                   /lib/x86_64-linux-gnu/libdbus-1.so.3.14.6
7fcd0051d000-7fcd0059b000 r-xp 00000000 08:11 789577                     /usr/lib/x86_64-linux-gnu/pulseaudio/libpulsecommon-8.0.so
7fcd0059b000-7fcd0079a000 ---p 0007e000 08:11 789577                     /usr/lib/x86_64-linux-gnu/pulseaudio/libpulsecommon-8.0.so
7fcd0079a000-7fcd0079b000 r--p 0007d000 08:11 789577                     /usr/lib/x86_64-linux-gnu/pulseaudio/libpulsecommon-8.0.so
7fcd0079b000-7fcd0079d000 rw-p 0007e000 08:11 789577                     /usr/lib/x86_64-linux-gnu/pulseaudio/libpulsecommon-8.0.so
7fcd0079d000-7fcd007a7000 r-xp 00000000 08:11 67253557                   /lib/x86_64-linux-gnu/libjson-c.so.3.0.0
7fcd007a7000-7fcd009a6000 ---p 0000a000 08:11 67253557                   /lib/x86_64-linux-gnu/libjson-c.so.3.0.0
7fcd009a6000-7fcd009a7000 r--p 00009000 08:11 67253557                   /lib/x86_64-linux-gnu/libjson-c.so.3.0.0
7fcd009a7000-7fcd009a8000 rw-p 0000a000 08:11 67253557                   /lib/x86_64-linux-gnu/libjson-c.so.3.0.0
7fcd009a8000-7fcd009f7000 r-xp 00000000 08:11 203023616                  /usr/lib/x86_64-linux-gnu/libpulse.so.0.19.0
7fcd009f7000-7fcd00bf7000 ---p 0004f000 08:11 203023616                  /usr/lib/x86_64-linux-gnu/libpulse.so.0.19.0
7fcd00bf7000-7fcd00bf8000 r--p 0004f000 08:11 203023616                  /usr/lib/x86_64-linux-gnu/libpulse.so.0.19.0
7fcd00bf8000-7fcd00bf9000 rw-p 00050000 08:11 203023616                  /usr/lib/x86_64-linux-gnu/libpulse.so.0.19.0
7fcd00bf9000-7fcd00c4e000 r-xp 00000000 08:11 67340597                   /tmp/libgdxkamil/31ce78a2/libopenal64.so
7fcd00c4e000-7fcd00e4d000 ---p 00055000 08:11 67340597                   /tmp/libgdxkamil/31ce78a2/libopenal64.so
7fcd00e4d000-7fcd00e50000 r--p 00054000 08:11 67340597                   /tmp/libgdxkamil/31ce78a2/libopenal64.so
7fcd00e50000-7fcd00e51000 rw-p 00057000 08:11 67340597                   /tmp/libgdxkamil/31ce78a2/libopenal64.so
7fcd00e51000-7fcd00e52000 rw-p 00000000 00:00 0 
7fcd00e52000-7fcd00e57000 r-xp 00000000 08:11 202443778                  /usr/lib/x86_64-linux-gnu/libXxf86vm.so.1.0.0
7fcd00e57000-7fcd01056000 ---p 00005000 08:11 202443778                  /usr/lib/x86_64-linux-gnu/libXxf86vm.so.1.0.0
7fcd01056000-7fcd01057000 r--p 00004000 08:11 202443778                  /usr/lib/x86_64-linux-gnu/libXxf86vm.so.1.0.0
7fcd01057000-7fcd01058000 rw-p 00005000 08:11 202443778                  /usr/lib/x86_64-linux-gnu/libXxf86vm.so.1.0.0
7fcd01058000-7fcd01062000 r-xp 00000000 08:11 202060271                  /usr/lib/x86_64-linux-gnu/libXrandr.so.2.2.0
7fcd01062000-7fcd01261000 ---p 0000a000 08:11 202060271                  /usr/lib/x86_64-linux-gnu/libXrandr.so.2.2.0
7fcd01261000-7fcd01262000 r--p 00009000 08:11 202060271                  /usr/lib/x86_64-linux-gnu/libXrandr.so.2.2.0
7fcd01262000-7fcd01263000 rw-p 0000a000 08:11 202060271                  /usr/lib/x86_64-linux-gnu/libXrandr.so.2.2.0
7fcd01263000-7fcd012d3000 r-xp 00000000 08:11 67340593                   /tmp/libgdxkamil/31ce78a2/liblwjgl64.so
7fcd012d3000-7fcd014d3000 ---p 00070000 08:11 67340593                   /tmp/libgdxkamil/31ce78a2/liblwjgl64.so
7fcd014d3000-7fcd014d5000 r--p 00070000 08:11 67340593                   /tmp/libgdxkamil/31ce78a2/liblwjgl64.so
7fcd014d5000-7fcd014d6000 rw-p 00072000 08:11 67340593                   /tmp/libgdxkamil/31ce78a2/liblwjgl64.so
7fcd014d6000-7fcd014d7000 r-xp 00000000 08:11 134431344                  /usr/lib/jvm/java-8-oracle/jre/lib/amd64/libjawt.so
7fcd014d7000-7fcd016d6000 ---p 00001000 08:11 134431344                  /usr/lib/jvm/java-8-oracle/jre/lib/amd64/libjawt.so
7fcd016d6000-7fcd016d7000 rw-p 00000000 08:11 134431344                  /usr/lib/jvm/java-8-oracle/jre/lib/amd64/libjawt.so
7fcd016d7000-7fcd016da000 ---p 00000000 00:00 0 
7fcd016da000-7fcd017d8000 rw-p 00000000 00:00 0 
7fcd017d8000-7fcd017dd000 r-xp 00000000 08:11 202038643                  /usr/lib/x86_64-linux-gnu/libXfixes.so.3.1.0
7fcd017dd000-7fcd019dc000 ---p 00005000 08:11 202038643                  /usr/lib/x86_64-linux-gnu/libXfixes.so.3.1.0
7fcd019dc000-7fcd019dd000 r--p 00004000 08:11 202038643                  /usr/lib/x86_64-linux-gnu/libXfixes.so.3.1.0
7fcd019dd000-7fcd019de000 rw-p 00005000 08:11 202038643                  /usr/lib/x86_64-linux-gnu/libXfixes.so.3.1.0
7fcd019de000-7fcd019e8000 r-xp 00000000 08:11 202047041                  /usr/lib/x86_64-linux-gnu/libXcursor.so.1.0.2
7fcd019e8000-7fcd01be7000 ---p 0000a000 08:11 202047041                  /usr/lib/x86_64-linux-gnu/libXcursor.so.1.0.2
7fcd01be7000-7fcd01be8000 r--p 00009000 08:11 202047041                  /usr/lib/x86_64-linux-gnu/libXcursor.so.1.0.2
7fcd01be8000-7fcd01be9000 rw-p 0000a000 08:11 202047041                  /usr/lib/x86_64-linux-gnu/libXcursor.so.1.0.2
7fcd01be9000-7fcd01bec000 ---p 00000000 00:00 0 
7fcd01bec000-7fcd01cea000 rw-p 00000000 00:00 0 
7fcd01cea000-7fcd01d4f000 r-xp 00000000 08:11 134430995                  /usr/lib/jvm/java-8-oracle/jre/lib/amd64/libfontmanager.so
7fcd01d4f000-7fcd01f4e000 ---p 00065000 08:11 134430995                  /usr/lib/jvm/java-8-oracle/jre/lib/amd64/libfontmanager.so
7fcd01f4e000-7fcd01f53000 rw-p 00064000 08:11 134430995                  /usr/lib/jvm/java-8-oracle/jre/lib/amd64/libfontmanager.so
7fcd01f53000-7fcd01f63000 rw-p 00000000 00:00 0 
7fcd01f63000-7fcd01f68000 r-xp 00000000 08:11 201637983                  /usr/lib/x86_64-linux-gnu/libXdmcp.so.6.0.0
7fcd01f68000-7fcd02167000 ---p 00005000 08:11 201637983                  /usr/lib/x86_64-linux-gnu/libXdmcp.so.6.0.0
7fcd02167000-7fcd02168000 r--p 00004000 08:11 201637983                  /usr/lib/x86_64-linux-gnu/libXdmcp.so.6.0.0
7fcd02168000-7fcd02169000 rw-p 00005000 08:11 201637983                  /usr/lib/x86_64-linux-gnu/libXdmcp.so.6.0.0
7fcd02169000-7fcd0216c000 r-xp 00000000 08:11 201637967                  /usr/lib/x86_64-linux-gnu/libXau.so.6.0.0
7fcd0216c000-7fcd0236b000 ---p 00003000 08:11 201637967                  /usr/lib/x86_64-linux-gnu/libXau.so.6.0.0
7fcd0236b000-7fcd0236c000 r--p 00002000 08:11 201637967                  /usr/lib/x86_64-linux-gnu/libXau.so.6.0.0
7fcd0236c000-7fcd0236d000 rw-p 00003000 08:11 201637967                  /usr/lib/x86_64-linux-gnu/libXau.so.6.0.0
7fcd0236d000-7fcd0238e000 r-xp 00000000 08:11 201637964                  /usr/lib/x86_64-linux-gnu/libxcb.so.1.1.0
7fcd0238e000-7fcd0258d000 ---p 00021000 08:11 201637964                  /usr/lib/x86_64-linux-gnu/libxcb.so.1.1.0
7fcd0258d000-7fcd0258e000 r--p 00020000 08:11 201637964                  /usr/lib/x86_64-linux-gnu/libxcb.so.1.1.0
7fcd0258e000-7fcd0258f000 rw-p 00021000 08:11 201637964                  /usr/lib/x86_64-linux-gnu/libxcb.so.1.1.0
7fcd0258f000-7fcd0259e000 r-xp 00000000 08:11 202060268                  /usr/lib/x86_64-linux-gnu/libXi.so.6.1.0
7fcd0259e000-7fcd0279d000 ---p 0000f000 08:11 202060268                  /usr/lib/x86_64-linux-gnu/libXi.so.6.1.0
7fcd0279d000-7fcd0279e000 r--p 0000e000 08:11 202060268                  /usr/lib/x86_64-linux-gnu/libXi.so.6.1.0
7fcd0279e000-7fcd0279f000 rw-p 0000f000 08:11 202060268                  /usr/lib/x86_64-linux-gnu/libXi.so.6.1.0
7fcd0279f000-7fcd027a4000 r-xp 00000000 08:11 202380253                  /usr/lib/x86_64-linux-gnu/libXtst.so.6.1.0
7fcd027a4000-7fcd029a3000 ---p 00005000 08:11 202380253                  /usr/lib/x86_64-linux-gnu/libXtst.so.6.1.0
7fcd029a3000-7fcd029a4000 r--p 00004000 08:11 202380253                  /usr/lib/x86_64-linux-gnu/libXtst.so.6.1.0
7fcd029a4000-7fcd029a5000 rw-p 00005000 08:11 202380253                  /usr/lib/x86_64-linux-gnu/libXtst.so.6.1.0
7fcd029a5000-7fcd029ae000 r-xp 00000000 08:11 201637977                  /usr/lib/x86_64-linux-gnu/libXrender.so.1.3.0
7fcd029ae000-7fcd02bad000 ---p 00009000 08:11 201637977                  /usr/lib/x86_64-linux-gnu/libXrender.so.1.3.0
7fcd02bad000-7fcd02bae000 r--p 00008000 08:11 201637977                  /usr/lib/x86_64-linux-gnu/libXrender.so.1.3.0
7fcd02bae000-7fcd02baf000 rw-p 00009000 08:11 201637977                  /usr/lib/x86_64-linux-gnu/libXrender.so.1.3.0
7fcd02baf000-7fcd02ceb000 r-xp 00000000 08:11 201637970                  /usr/lib/x86_64-linux-gnu/libX11.so.6.3.0
7fcd02ceb000-7fcd02eea000 ---p 0013c000 08:11 201637970                  /usr/lib/x86_64-linux-gnu/libX11.so.6.3.0
7fcd02eea000-7fcd02eec000 r--p 0013b000 08:11 201637970                  /usr/lib/x86_64-linux-gnu/libX11.so.6.3.0
7fcd02eec000-7fcd02ef1000 rw-p 0013d000 08:11 201637970                  /usr/lib/x86_64-linux-gnu/libX11.so.6.3.0
7fcd02ef1000-7fcd02ef2000 rw-p 00000000 00:00 0 
7fcd02ef2000-7fcd02f03000 r-xp 00000000 08:11 201678925                  /usr/lib/x86_64-linux-gnu/libXext.so.6.4.0
7fcd02f03000-7fcd03102000 ---p 00011000 08:11 201678925                  /usr/lib/x86_64-linux-gnu/libXext.so.6.4.0
7fcd03102000-7fcd03103000 r--p 00010000 08:11 201678925                  /usr/lib/x86_64-linux-gnu/libXext.so.6.4.0
7fcd03103000-7fcd03104000 rw-p 00011000 08:11 201678925                  /usr/lib/x86_64-linux-gnu/libXext.so.6.4.0
7fcd03104000-7fcd03158000 r-xp 00000000 08:11 134431357                  /usr/lib/jvm/java-8-oracle/jre/lib/amd64/libawt_xawt.so
7fcd03158000-7fcd03358000 ---p 00054000 08:11 134431357                  /usr/lib/jvm/java-8-oracle/jre/lib/amd64/libawt_xawt.so
7fcd03358000-7fcd0335c000 rw-p 00054000 08:11 134431357                  /usr/lib/jvm/java-8-oracle/jre/lib/amd64/libawt_xawt.so
7fcd0335c000-7fcd0335d000 rw-p 00000000 00:00 0 
7fcd0335d000-7fcd033ff000 r-xp 00000000 08:11 134431343                  /usr/lib/jvm/java-8-oracle/jre/lib/amd64/libawt.so
7fcd033ff000-7fcd035ff000 ---p 000a2000 08:11 134431343                  /usr/lib/jvm/java-8-oracle/jre/lib/amd64/libawt.so
7fcd035ff000-7fcd0360b000 rw-p 000a2000 08:11 134431343                  /usr/lib/jvm/java-8-oracle/jre/lib/amd64/libawt.so
7fcd0360b000-7fcd0362f000 rw-p 00000000 00:00 0 
7fcd0362f000-7fcd03645000 r-xp 00000000 08:11 70429373                   /lib/x86_64-linux-gnu/libgcc_s.so.1
7fcd03645000-7fcd03844000 ---p 00016000 08:11 70429373                   /lib/x86_64-linux-gnu/libgcc_s.so.1
7fcd03844000-7fcd03845000 rw-p 00015000 08:11 70429373                   /lib/x86_64-linux-gnu/libgcc_s.so.1
7fcd03845000-7fcd039b6000 r-xp 00000000 08:11 204136101                  /usr/lib/x86_64-linux-gnu/libstdc++.so.6.0.22
7fcd039b6000-7fcd03bb5000 ---p 00171000 08:11 204136101                  /usr/lib/x86_64-linux-gnu/libstdc++.so.6.0.22
7fcd03bb5000-7fcd03bbf000 r--p 00170000 08:11 204136101                  /usr/lib/x86_64-linux-gnu/libstdc++.so.6.0.22
7fcd03bbf000-7fcd03bc1000 rw-p 0017a000 08:11 204136101                  /usr/lib/x86_64-linux-gnu/libstdc++.so.6.0.22
7fcd03bc1000-7fcd03bc5000 rw-p 00000000 00:00 0 
7fcd03bc5000-7fcd03bfd000 r-xp 00000000 08:11 2194636                    /tmp/libgdxkamil/6ef2d459/libgdx64.so
7fcd03bfd000-7fcd03dfc000 ---p 00038000 08:11 2194636                    /tmp/libgdxkamil/6ef2d459/libgdx64.so
7fcd03dfc000-7fcd03dfd000 r--p 00037000 08:11 2194636                    /tmp/libgdxkamil/6ef2d459/libgdx64.so
7fcd03dfd000-7fcd03dfe000 rw-p 00038000 08:11 2194636                    /tmp/libgdxkamil/6ef2d459/libgdx64.so
7fcd03dfe000-7fcd03dff000 ---p 00000000 00:00 0 
7fcd03dff000-7fcd03eff000 rw-p 00000000 00:00 0 
7fcd03eff000-7fcd03f02000 ---p 00000000 00:00 0 
7fcd03f02000-7fcd04000000 rw-p 00000000 00:00 0 
7fcd04000000-7fcd04021000 rw-p 00000000 00:00 0 
7fcd04021000-7fcd08000000 ---p 00000000 00:00 0 
7fcd08006000-7fcd08026000 rw-s 1cad28000 00:06 20853                     /dev/nvidiactl
7fcd08026000-7fcd08066000 rw-s 201b21000 00:06 20853                     /dev/nvidiactl
7fcd08066000-7fcd08069000 ---p 00000000 00:00 0 
7fcd08069000-7fcd0809f000 rw-p 00000000 00:00 0 
7fcd0809f000-7fcd080a2000 ---p 00000000 00:00 0 
7fcd080a2000-7fcd0c000000 rw-p 00000000 00:00 0 
7fcd0c000000-7fcd0c021000 rw-p 00000000 00:00 0 
7fcd0c021000-7fcd10000000 ---p 00000000 00:00 0 
7fcd1002a000-7fcd100ab000 r-xp 00000000 08:11 70205543                   /lib/x86_64-linux-gnu/libsystemd.so.0.14.0
7fcd100ab000-7fcd100ae000 r--p 00080000 08:11 70205543                   /lib/x86_64-linux-gnu/libsystemd.so.0.14.0
7fcd100ae000-7fcd100af000 rw-p 00083000 08:11 70205543                   /lib/x86_64-linux-gnu/libsystemd.so.0.14.0
7fcd100af000-7fcd100b0000 rw-p 00000000 00:00 0 
7fcd100b6000-7fcd100b7000 rw-p 00000000 00:00 0 
7fcd100b7000-7fcd100ca000 r--p 00000000 08:11 136068524                  /usr/share/locale/pl/LC_MESSAGES/pulseaudio.mo
7fcd100ca000-7fcd100ef000 r--p 00000000 08:11 134286695                  /usr/share/locale/pl/LC_MESSAGES/libc.mo
7fcd100ef000-7fcd100f2000 ---p 00000000 00:00 0 
7fcd100f2000-7fcd101f0000 rw-p 00000000 00:00 0 
7fcd101f0000-7fcd101f3000 ---p 00000000 00:00 0 
7fcd101f3000-7fcd102f1000 rw-p 00000000 00:00 0 
7fcd102f1000-7fcd102f4000 ---p 00000000 00:00 0 
7fcd102f4000-7fcd103f2000 rw-p 00000000 00:00 0 
7fcd103f2000-7fcd103f5000 ---p 00000000 00:00 0 
7fcd103f5000-7fcd104f3000 rw-p 00000000 00:00 0 
7fcd104f3000-7fcd104f6000 ---p 00000000 00:00 0 
7fcd104f6000-7fcd105f4000 rw-p 00000000 00:00 0 
7fcd105f4000-7fcd105f8000 r-xp 00000000 08:11 134430985                  /usr/lib/jvm/java-8-oracle/jre/lib/amd64/libdt_socket.so
7fcd105f8000-7fcd107f7000 ---p 00004000 08:11 134430985                  /usr/lib/jvm/java-8-oracle/jre/lib/amd64/libdt_socket.so
7fcd107f7000-7fcd107f8000 rw-p 00003000 08:11 134430985                  /usr/lib/jvm/java-8-oracle/jre/lib/amd64/libdt_socket.so
7fcd107f8000-7fcd107fb000 ---p 00000000 00:00 0 
7fcd107fb000-7fcd108f9000 rw-p 00000000 00:00 0 
7fcd108f9000-7fcd108fc000 ---p 00000000 00:00 0 
7fcd108fc000-7fcd109fa000 rw-p 00000000 00:00 0 
7fcd109fa000-7fcd109fd000 ---p 00000000 00:00 0 
7fcd109fd000-7fcd10afb000 rw-p 00000000 00:00 0 
7fcd10afb000-7fcd10afc000 ---p 00000000 00:00 0 
7fcd10afc000-7fcd11000000 rw-p 00000000 00:00 0 
7fcd11000000-7fcd116e0000 rwxp 00000000 00:00 0 
7fcd116e0000-7fcd20000000 ---p 00000000 00:00 0 
7fcd20000000-7fcd20590000 rw-p 00000000 00:00 0 
7fcd20590000-7fcd24000000 ---p 00000000 00:00 0 
7fcd24000000-7fcd24001000 rw-p 00000000 00:00 0 
7fcd24001000-7fcd24003000 rw-s 00000000 08:11 70205091                   /tmp/.glnoXO7P (deleted)
7fcd24003000-7fcd24004000 rw-s 9785b000 00:06 20853                      /dev/nvidiactl
7fcd24004000-7fcd24008000 rw-s 5d1e5000 00:06 20853                      /dev/nvidiactl
7fcd24008000-7fcd24009000 rw-s e7ee8000 00:06 20854                      /dev/nvidia0
7fcd24009000-7fcd2400a000 rw-s e7ee7000 00:06 20854                      /dev/nvidia0
7fcd2400a000-7fcd2400b000 rw-s f6642000 00:06 20854                      /dev/nvidia0
7fcd2400b000-7fcd2400c000 rw-s db34f000 00:06 20853                      /dev/nvidiactl
7fcd2400c000-7fcd2400d000 rw-s f6641000 00:06 20854                      /dev/nvidia0
7fcd2400d000-7fcd2400e000 rw-s db351000 00:06 20853                      /dev/nvidiactl
7fcd2400e000-7fcd2400f000 rw-s 1a2c07000 00:06 20853                     /dev/nvidiactl
7fcd2400f000-7fcd24010000 rw-s f6060000 00:06 20854                      /dev/nvidia0
7fcd24010000-7fcd24017000 r--s 00000000 08:11 67668534                   /usr/lib/x86_64-linux-gnu/gconv/gconv-modules.cache
7fcd24017000-7fcd2401d000 r--s 002f8000 08:11 71080923                   /usr/lib/jvm/java-8-oracle/jre/lib/charsets.jar
7fcd2401d000-7fcd24021000 r--s 00097000 08:11 71080940                   /usr/lib/jvm/java-8-oracle/jre/lib/jsse.jar
7fcd24021000-7fcd24023000 r--s 00008000 08:03 1049481                    /home/kamil/.gradle/caches/modules-2/files-2.1/com.badlogicgames.ashley/ashley/1.6.0/f7b513df3e52198ecda822eea1674f488d7352a5/ashley-1.6.0.jar
7fcd24023000-7fcd24029000 r--s 00038000 08:03 1049479                    /home/kamil/.gradle/caches/modules-2/files-2.1/com.underwaterapps.overlap2druntime/overlap2d-runtime-libgdx/0.1.1/d6843f481e370e87d395e383abb32bb456751aec/overlap2d-runtime-libgdx-0.1.1.jar
7fcd24029000-7fcd2402a000 r--s 00002000 08:03 301315                     /home/kamil/.gradle/caches/modules-2/files-2.1/net.java.jinput/jinput-platform/2.0.5/53f9c919f34d2ca9de8c51fc4e1e8282029a9232/jinput-platform-2.0.5-natives-osx.jar
7fcd2402a000-7fcd2402b000 r--s 00025000 08:03 301313                     /home/kamil/.gradle/caches/modules-2/files-2.1/net.java.jinput/jinput-platform/2.0.5/385ee093e01f587f30ee1c8a2ee7d408fd732e16/jinput-platform-2.0.5-natives-windows.jar
7fcd2402b000-7fcd2402c000 r--s 00002000 08:03 301312                     /home/kamil/.gradle/caches/modules-2/files-2.1/net.java.jinput/jinput-platform/2.0.5/7ff832a6eb9ab6a767f1ade2b548092d0fa64795/jinput-platform-2.0.5-natives-linux.jar
7fcd2402c000-7fcd2402d000 r--s 00001000 08:03 301311                     /home/kamil/.gradle/caches/modules-2/files-2.1/net.java.jutils/jutils/1.0.0/e12fe1fda814bd348c1579329c86943d2cd3c6a6/jutils-1.0.0.jar
7fcd2402d000-7fcd24031000 r--s 0002f000 08:03 301308                     /home/kamil/.gradle/caches/modules-2/files-2.1/net.java.jinput/jinput/2.0.5/39c7796b469a600f72380316f6b1f11db6c2c7c4/jinput-2.0.5.jar
7fcd24031000-7fcd24032000 r--s 00068000 08:03 406850                     /home/kamil/.gradle/caches/modules-2/files-2.1/org.lwjgl.lwjgl/lwjgl-platform/2.9.2/d55b46b40b40249d627a83a7f7f22649709d70c3/lwjgl-platform-2.9.2-natives-osx.jar
7fcd24032000-7fcd24033000 r--s 0008d000 08:03 406849                     /home/kamil/.gradle/caches/modules-2/files-2.1/org.lwjgl.lwjgl/lwjgl-platform/2.9.2/d276cdf61fe2b516c7b7f4aa1b8dea91dbdc8d56/lwjgl-platform-2.9.2-natives-linux.jar
7fcd24033000-7fcd24035000 r--s 00017000 08:03 406847                     /home/kamil/.gradle/caches/modules-2/files-2.1/org.jcraft/jorbis/0.0.17/8872d22b293e8f5d7d56ff92be966e6dc28ebdc6/jorbis-0.0.17.jar
7fcd24035000-7fcd24039000 r--s 00027000 08:03 406845                     /home/kamil/.gradle/caches/modules-2/files-2.1/org.lwjgl.lwjgl/lwjgl_util/2.9.2/4b9e37300a87799856e0bd15ed81663cdb6b0947/lwjgl_util-2.9.2.jar
7fcd24039000-7fcd24047000 r--s 000f2000 08:03 406844                     /home/kamil/.gradle/caches/modules-2/files-2.1/org.lwjgl.lwjgl/lwjgl/2.9.2/a9d80fe5935c7a9149f6584d9777cfd471f65489/lwjgl-2.9.2.jar
7fcd24047000-7fcd2404e000 r--s 00064000 08:03 277666                     /home/kamil/.gradle/caches/modules-2/files-2.1/org.apache.commons/commons-lang3/3.4/5fe28b9518e58819180a43a850fbc0dd24b7c050/commons-lang3-3.4.jar
7fcd2404e000-7fcd24055000 r--s 00039000 08:03 919420                     /home/kamil/.gradle/caches/modules-2/files-2.1/com.badlogicgames.gdx/gdx-ai/1.8.0/ec30677d8ab1a8b8aa4b853c5f4e4b1361f50bf5/gdx-ai-1.8.0.jar
7fcd24055000-7fcd2405a000 r--s 0002c000 08:03 406804                     /home/kamil/.gradle/caches/modules-2/files-2.1/com.github.czyzby/gdx-kiwi/1.5.1.9.2/c4998c31aeb41996e3bb3265c9210868b14cf601/gdx-kiwi-1.5.1.9.2.jar
7fcd2405a000-7fcd24075000 r--s 001a7000 08:03 406802                     /home/kamil/.gradle/caches/modules-2/files-2.1/com.badlogicgames.gdx/gdx/1.9.2/e641cb91bec06bc64d9ddf7a7d7062caceec73cd/gdx-1.9.2.jar
7fcd24075000-7fcd24089000 r--s 00141000 08:03 273512                     /home/kamil/.gradle/caches/modules-2/files-2.1/org.projectlombok/lombok/1.16.8/2ce9de13f277ec1600e7e04231477e3e5f59d317/lombok-1.16.8.jar
7fcd24089000-7fcd240a1000 r--s 000f7000 08:03 273511                     /home/kamil/.gradle/caches/modules-2/files-2.1/org.apache.logging.log4j/log4j-core/2.5/7ed845de1dfe070d43511fab321784e6c4118398/log4j-core-2.5.jar
7fcd240a1000-7fcd24c7f000 rw-p 00000000 00:00 0 
7fcd24c7f000-7fcd24e58000 r--s 03d1f000 08:11 71080925                   /usr/lib/jvm/java-8-oracle/jre/lib/rt.jar
7fcd24e58000-7fcd25ab4000 rw-p 00000000 00:00 0 
7fcd25ab4000-7fcd25ab5000 ---p 00000000 00:00 0 
7fcd25ab5000-7fcd25bb5000 rw-p 00000000 00:00 0 
7fcd25bb5000-7fcd25bb6000 ---p 00000000 00:00 0 
7fcd25bb6000-7fcd25cb6000 rw-p 00000000 00:00 0 
7fcd25cb6000-7fcd25cb7000 ---p 00000000 00:00 0 
7fcd25cb7000-7fcd25db7000 rw-p 00000000 00:00 0 
7fcd25db7000-7fcd25db8000 ---p 00000000 00:00 0 
7fcd25db8000-7fcd25ee2000 rw-p 00000000 00:00 0 
7fcd25ee2000-7fcd26152000 ---p 00000000 00:00 0 
7fcd26152000-7fcd2617c000 rw-p 00000000 00:00 0 
7fcd2617c000-7fcd263eb000 ---p 00000000 00:00 0 
7fcd263eb000-7fcd26401000 rw-p 00000000 00:00 0 
7fcd26401000-7fcd26538000 ---p 00000000 00:00 0 
7fcd26538000-7fcd26555000 rw-p 00000000 00:00 0 
7fcd26555000-7fcd268f9000 ---p 00000000 00:00 0 
7fcd268f9000-7fcd26913000 r-xp 00000000 08:11 134431346                  /usr/lib/jvm/java-8-oracle/jre/lib/amd64/libzip.so
7fcd26913000-7fcd26b13000 ---p 0001a000 08:11 134431346                  /usr/lib/jvm/java-8-oracle/jre/lib/amd64/libzip.so
7fcd26b13000-7fcd26b14000 rw-p 0001a000 08:11 134431346                  /usr/lib/jvm/java-8-oracle/jre/lib/amd64/libzip.so
7fcd26b14000-7fcd26b1f000 r-xp 00000000 08:11 67366125                   /lib/x86_64-linux-gnu/libnss_files-2.22.so
7fcd26b1f000-7fcd26d1e000 ---p 0000b000 08:11 67366125                   /lib/x86_64-linux-gnu/libnss_files-2.22.so
7fcd26d1e000-7fcd26d1f000 r--p 0000a000 08:11 67366125                   /lib/x86_64-linux-gnu/libnss_files-2.22.so
7fcd26d1f000-7fcd26d20000 rw-p 0000b000 08:11 67366125                   /lib/x86_64-linux-gnu/libnss_files-2.22.so
7fcd26d20000-7fcd26d26000 rw-p 00000000 00:00 0 
7fcd26d26000-7fcd26d30000 r-xp 00000000 08:11 67575232                   /lib/x86_64-linux-gnu/libnss_nis-2.22.so
7fcd26d30000-7fcd26f30000 ---p 0000a000 08:11 67575232                   /lib/x86_64-linux-gnu/libnss_nis-2.22.so
7fcd26f30000-7fcd26f31000 r--p 0000a000 08:11 67575232                   /lib/x86_64-linux-gnu/libnss_nis-2.22.so
7fcd26f31000-7fcd26f32000 rw-p 0000b000 08:11 67575232                   /lib/x86_64-linux-gnu/libnss_nis-2.22.so
7fcd26f32000-7fcd26f47000 r-xp 00000000 08:11 67575215                   /lib/x86_64-linux-gnu/libnsl-2.22.so
7fcd26f47000-7fcd27146000 ---p 00015000 08:11 67575215                   /lib/x86_64-linux-gnu/libnsl-2.22.so
7fcd27146000-7fcd27147000 r--p 00014000 08:11 67575215                   /lib/x86_64-linux-gnu/libnsl-2.22.so
7fcd27147000-7fcd27148000 rw-p 00015000 08:11 67575215                   /lib/x86_64-linux-gnu/libnsl-2.22.so
7fcd27148000-7fcd2714a000 rw-p 00000000 00:00 0 
7fcd2714a000-7fcd27151000 r-xp 00000000 08:11 67575231                   /lib/x86_64-linux-gnu/libnss_compat-2.22.so
7fcd27151000-7fcd27350000 ---p 00007000 08:11 67575231                   /lib/x86_64-linux-gnu/libnss_compat-2.22.so
7fcd27350000-7fcd27351000 r--p 00006000 08:11 67575231                   /lib/x86_64-linux-gnu/libnss_compat-2.22.so
7fcd27351000-7fcd27352000 rw-p 00007000 08:11 67575231                   /lib/x86_64-linux-gnu/libnss_compat-2.22.so
7fcd27352000-7fcd274e0000 r--p 00000000 08:11 336311                     /usr/lib/locale/locale-archive
7fcd274e0000-7fcd274e2000 r-xp 00000000 08:11 134430986                  /usr/lib/jvm/java-8-oracle/jre/lib/amd64/libnpt.so
7fcd274e2000-7fcd276e2000 ---p 00002000 08:11 134430986                  /usr/lib/jvm/java-8-oracle/jre/lib/amd64/libnpt.so
7fcd276e2000-7fcd276e3000 rw-p 00002000 08:11 134430986                  /usr/lib/jvm/java-8-oracle/jre/lib/amd64/libnpt.so
7fcd276e3000-7fcd2771c000 r-xp 00000000 08:11 134431335                  /usr/lib/jvm/java-8-oracle/jre/lib/amd64/libjdwp.so
7fcd2771c000-7fcd2791b000 ---p 00039000 08:11 134431335                  /usr/lib/jvm/java-8-oracle/jre/lib/amd64/libjdwp.so
7fcd2791b000-7fcd2791d000 rw-p 00038000 08:11 134431335                  /usr/lib/jvm/java-8-oracle/jre/lib/amd64/libjdwp.so
7fcd2791d000-7fcd27947000 r-xp 00000000 08:11 134431341                  /usr/lib/jvm/java-8-oracle/jre/lib/amd64/libjava.so
7fcd27947000-7fcd27b47000 ---p 0002a000 08:11 134431341                  /usr/lib/jvm/java-8-oracle/jre/lib/amd64/libjava.so
7fcd27b47000-7fcd27b49000 rw-p 0002a000 08:11 134431341                  /usr/lib/jvm/java-8-oracle/jre/lib/amd64/libjava.so
7fcd27b49000-7fcd27b56000 r-xp 00000000 08:11 134431345                  /usr/lib/jvm/java-8-oracle/jre/lib/amd64/libverify.so
7fcd27b56000-7fcd27d56000 ---p 0000d000 08:11 134431345                  /usr/lib/jvm/java-8-oracle/jre/lib/amd64/libverify.so
7fcd27d56000-7fcd27d58000 rw-p 0000d000 08:11 134431345                  /usr/lib/jvm/java-8-oracle/jre/lib/amd64/libverify.so
7fcd27d58000-7fcd27d5f000 r-xp 00000000 08:11 67575227                   /lib/x86_64-linux-gnu/librt-2.22.so
7fcd27d5f000-7fcd27f5e000 ---p 00007000 08:11 67575227                   /lib/x86_64-linux-gnu/librt-2.22.so
7fcd27f5e000-7fcd27f5f000 r--p 00006000 08:11 67575227                   /lib/x86_64-linux-gnu/librt-2.22.so
7fcd27f5f000-7fcd27f60000 rw-p 00007000 08:11 67575227                   /lib/x86_64-linux-gnu/librt-2.22.so
7fcd27f60000-7fcd2805d000 r-xp 00000000 08:11 67575203                   /lib/x86_64-linux-gnu/libm-2.22.so
7fcd2805d000-7fcd2825c000 ---p 000fd000 08:11 67575203                   /lib/x86_64-linux-gnu/libm-2.22.so
7fcd2825c000-7fcd2825d000 r--p 000fc000 08:11 67575203                   /lib/x86_64-linux-gnu/libm-2.22.so
7fcd2825d000-7fcd2825e000 rw-p 000fd000 08:11 67575203                   /lib/x86_64-linux-gnu/libm-2.22.so
7fcd2825e000-7fcd28f1e000 r-xp 00000000 08:11 2514341                    /usr/lib/jvm/java-8-oracle/jre/lib/amd64/server/libjvm.so
7fcd28f1e000-7fcd2911e000 ---p 00cc0000 08:11 2514341                    /usr/lib/jvm/java-8-oracle/jre/lib/amd64/server/libjvm.so
7fcd2911e000-7fcd291f6000 rw-p 00cc0000 08:11 2514341                    /usr/lib/jvm/java-8-oracle/jre/lib/amd64/server/libjvm.so
7fcd291f6000-7fcd29241000 rw-p 00000000 00:00 0 
7fcd29241000-7fcd293db000 r-xp 00000000 08:11 67545017                   /lib/x86_64-linux-gnu/libc-2.22.so
7fcd293db000-7fcd295db000 ---p 0019a000 08:11 67545017                   /lib/x86_64-linux-gnu/libc-2.22.so
7fcd295db000-7fcd295df000 r--p 0019a000 08:11 67545017                   /lib/x86_64-linux-gnu/libc-2.22.so
7fcd295df000-7fcd295e1000 rw-p 0019e000 08:11 67545017                   /lib/x86_64-linux-gnu/libc-2.22.so
7fcd295e1000-7fcd295e5000 rw-p 00000000 00:00 0 
7fcd295e5000-7fcd295e7000 r-xp 00000000 08:11 67575201                   /lib/x86_64-linux-gnu/libdl-2.22.so
7fcd295e7000-7fcd297e7000 ---p 00002000 08:11 67575201                   /lib/x86_64-linux-gnu/libdl-2.22.so
7fcd297e7000-7fcd297e8000 r--p 00002000 08:11 67575201                   /lib/x86_64-linux-gnu/libdl-2.22.so
7fcd297e8000-7fcd297e9000 rw-p 00003000 08:11 67575201                   /lib/x86_64-linux-gnu/libdl-2.22.so
7fcd297e9000-7fcd297fe000 r-xp 00000000 08:11 3768054                    /usr/lib/jvm/java-8-oracle/lib/amd64/jli/libjli.so
7fcd297fe000-7fcd299fe000 ---p 00015000 08:11 3768054                    /usr/lib/jvm/java-8-oracle/lib/amd64/jli/libjli.so
7fcd299fe000-7fcd299ff000 rw-p 00015000 08:11 3768054                    /usr/lib/jvm/java-8-oracle/lib/amd64/jli/libjli.so
7fcd299ff000-7fcd29a17000 r-xp 00000000 08:11 67575207                   /lib/x86_64-linux-gnu/libpthread-2.22.so
7fcd29a17000-7fcd29c16000 ---p 00018000 08:11 67575207                   /lib/x86_64-linux-gnu/libpthread-2.22.so
7fcd29c16000-7fcd29c17000 r--p 00017000 08:11 67575207                   /lib/x86_64-linux-gnu/libpthread-2.22.so
7fcd29c17000-7fcd29c18000 rw-p 00018000 08:11 67575207                   /lib/x86_64-linux-gnu/libpthread-2.22.so
7fcd29c18000-7fcd29c1c000 rw-p 00000000 00:00 0 
7fcd29c1c000-7fcd29c3e000 r-xp 00000000 08:11 67575209                   /lib/x86_64-linux-gnu/ld-2.22.so
7fcd29c3e000-7fcd29c3f000 r--s 00095000 08:03 406848                     /home/kamil/.gradle/caches/modules-2/files-2.1/org.lwjgl.lwjgl/lwjgl-platform/2.9.2/510c7d317f5e9e700b9cfaac5fd38bdebf0702e0/lwjgl-platform-2.9.2-natives-windows.jar
7fcd29c3f000-7fcd29c40000 r--s 00015000 08:03 406846                     /home/kamil/.gradle/caches/modules-2/files-2.1/com.badlogicgames.jlayer/jlayer/1.0.1-gdx/7cca83cec5c1b2f011362f4d85aabd71a73b049d/jlayer-1.0.1-gdx.jar
7fcd29c40000-7fcd29c44000 r--s 0001e000 08:03 406806                     /home/kamil/.gradle/caches/modules-2/files-2.1/net.dermetfan.libgdx-utils/libgdx-utils-box2d/0.13.3/8cf92d93d3022a9616636a67b0864b781d349066/libgdx-utils-box2d-0.13.3.jar
7fcd29c44000-7fcd29c48000 r--s 00029000 08:03 406807                     /home/kamil/.gradle/caches/modules-2/files-2.1/net.dermetfan.libgdx-utils/libgdx-utils/0.13.3/96b4f9d59b869f1cbf83b055ec763519da83a125/libgdx-utils-0.13.3.jar
7fcd29c48000-7fcd29c4a000 r--s 00008000 08:03 919418                     /home/kamil/.gradle/caches/modules-2/files-2.1/com.badlogicgames.gdx/gdx-freetype/1.9.2/3609253d14edb1b3ca5aacff4e06989edde75be4/gdx-freetype-1.9.2.jar
7fcd29c4a000-7fcd29c4c000 r--s 00008000 08:03 406810                     /home/kamil/.gradle/caches/modules-2/files-2.1/com.badlogicgames.box2dlights/box2dlights/1.4/3d77ad5b4164fb32fc67e2446e35911bb0aaf0bd/box2dlights-1.4.jar
7fcd29c4c000-7fcd29c4e000 r--s 00010000 08:03 406803                     /home/kamil/.gradle/caches/modules-2/files-2.1/com.badlogicgames.gdx/gdx-box2d/1.9.2/b78eaa90aaaf7830e6dffff587ea6e859c2787b2/gdx-box2d-1.9.2.jar
7fcd29c4e000-7fcd29c4f000 r--s 00002000 08:03 919748                     /home/kamil/.gradle/caches/modules-2/files-2.1/org.slf4j/slf4j-simple/1.7.21/be4b3c560a37e69b6c58278116740db28832232c/slf4j-simple-1.7.21.jar
7fcd29c4f000-7fcd29c51000 r--s 00009000 08:03 919737                     /home/kamil/.gradle/caches/modules-2/files-2.1/org.slf4j/slf4j-api/1.7.21/139535a69a4239db087de9bab0bee568bf8e0b70/slf4j-api-1.7.21.jar
7fcd29c51000-7fcd29d1c000 rw-p 00000000 00:00 0 
7fcd29d1c000-7fcd29d1f000 ---p 00000000 00:00 0 
7fcd29d1f000-7fcd29e21000 rw-p 00000000 00:00 0 
7fcd29e21000-7fcd29e24000 r--s 00021000 08:03 273510                     /home/kamil/.gradle/caches/modules-2/files-2.1/org.apache.logging.log4j/log4j-api/2.5/e7fd981408caba8a0c0fb276413562468d260160/log4j-api-2.5.jar
7fcd29e24000-7fcd29e25000 r--s 0021a000 08:03 919435                     /home/kamil/.gradle/caches/modules-2/files-2.1/com.badlogicgames.gdx/gdx-freetype-platform/1.9.2/1e1afb0b6c9e8aeb7d495cb8f55c353d3da58cf0/gdx-freetype-platform-1.9.2-natives-desktop.jar
7fcd29e25000-7fcd29e27000 r--s 000fa000 08:03 406843                     /home/kamil/.gradle/caches/modules-2/files-2.1/com.badlogicgames.gdx/gdx-box2d-platform/1.9.2/497cbfbf81e7e8b1e8433b19291c5af4bbc2ec66/gdx-box2d-platform-1.9.2-natives-desktop.jar
7fcd29e27000-7fcd29e28000 r--s 000d4000 08:03 406842                     /home/kamil/.gradle/caches/modules-2/files-2.1/com.badlogicgames.gdx/gdx-platform/1.9.2/dde4cf7e9ce61c24042f512203aed87657496639/gdx-platform-1.9.2-natives-desktop.jar
7fcd29e28000-7fcd29e2b000 r--s 00021000 08:03 406841                     /home/kamil/.gradle/caches/modules-2/files-2.1/com.badlogicgames.gdx/gdx-backend-lwjgl/1.9.2/d710a8704ed584ec2ba9ca52e3a6a5885dd759cc/gdx-backend-lwjgl-1.9.2.jar
7fcd29e2b000-7fcd29e31000 r--s 00605000 08:03 659954                     /home/kamil/Programowanie/projects/AstroRush/core/build/libs/core-1.0-SNAPSHOT.jar
7fcd29e31000-7fcd29e39000 rw-s 00000000 08:11 70205090                   /tmp/hsperfdata_kamil/30911
7fcd29e39000-7fcd29e3a000 rw-p 00000000 00:00 0 
7fcd29e3a000-7fcd29e3b000 r--p 00000000 00:00 0 
7fcd29e3b000-7fcd29e3d000 rw-p 00000000 00:00 0 
7fcd29e3d000-7fcd29e3e000 r--p 00021000 08:11 67575209                   /lib/x86_64-linux-gnu/ld-2.22.so
7fcd29e3e000-7fcd29e3f000 rw-p 00022000 08:11 67575209                   /lib/x86_64-linux-gnu/ld-2.22.so
7fcd29e3f000-7fcd29e40000 rw-p 00000000 00:00 0 
7fffa1862000-7fffa1884000 rw-p 00000000 00:00 0                          [stack]
7fffa1934000-7fffa1937000 r--p 00000000 00:00 0                          [vvar]
7fffa1937000-7fffa1939000 r-xp 00000000 00:00 0                          [vdso]
ffffffffff600000-ffffffffff601000 r-xp 00000000 00:00 0                  [vsyscall]

VM Arguments:
jvm_args: -agentlib:jdwp=transport=dt_socket,server=n,suspend=y,address=42852 -Dfile.encoding=UTF-8 -Duser.country=PL -Duser.language=pl -Duser.variant 
java_command: com.astro.game.Launcher
java_class_path (initial): /home/kamil/Programowanie/projects/AstroRush/desktop/build/classes/main:/home/kamil/Programowanie/projects/AstroRush/desktop/build/resources/main:/home/kamil/Programowanie/projects/AstroRush/core/build/libs/core-1.0-SNAPSHOT.jar:/home/kamil/.gradle/caches/modules-2/files-2.1/com.badlogicgames.gdx/gdx-backend-lwjgl/1.9.2/d710a8704ed584ec2ba9ca52e3a6a5885dd759cc/gdx-backend-lwjgl-1.9.2.jar:/home/kamil/.gradle/caches/modules-2/files-2.1/com.badlogicgames.gdx/gdx-platform/1.9.2/dde4cf7e9ce61c24042f512203aed87657496639/gdx-platform-1.9.2-natives-desktop.jar:/home/kamil/.gradle/caches/modules-2/files-2.1/com.badlogicgames.gdx/gdx-box2d-platform/1.9.2/497cbfbf81e7e8b1e8433b19291c5af4bbc2ec66/gdx-box2d-platform-1.9.2-natives-desktop.jar:/home/kamil/.gradle/caches/modules-2/files-2.1/com.badlogicgames.gdx/gdx-freetype-platform/1.9.2/1e1afb0b6c9e8aeb7d495cb8f55c353d3da58cf0/gdx-freetype-platform-1.9.2-natives-desktop.jar:/home/kamil/.gradle/caches/modules-2/files-2.1/org.apache.logging.log4j/log4j-api/2.5/e7fd981408caba8a0c0fb276413562468d260160/log4j-api-2.5.jar:/home/kamil/.gradle/caches/modules-2/files-2.1/org.apache.logging.log4j/log4j-core/2.5/7ed845de1dfe070d43511fab321784e6c4118398/log4j-core-2.5.jar:/home/kamil/.gradle/caches/modules-2/files-2.1/org.projectlombok/lombok/1.16.8/2ce9de13f277ec1600e7e04231477e3e5f59d317/lombok-1.16.8.jar:/home/kamil/.gradle/caches/modules-2/files-2.1/org.slf4j/slf4j-api/1.7.21/139535a69a4239db087de9bab0bee568bf8e0b70/slf4j-api-1.7.21.jar:/home/kamil/.gradle/caches/modules-2/files-2.1/org.slf4j/slf4j-simple/1.7.21/be4b3c560a37e69b6c58278116740db28832232c/slf4j-simple-1.7.21.jar:/home/kamil/.gradle/caches/modules-2/files-2.1/com.badlogicgames.gdx/gdx/1.9.2/e641cb91bec06bc64d9ddf7a7d7062caceec73cd/gdx-1.9.2.jar:/home/kamil/.gradle/caches/modules-2/files-2.1/com.badlogicgames.gdx/gdx-box2d/1.9.2/b78eaa90aaaf7830e6dffff587ea6e859c2787b2/gdx-box2d-1.9.2.jar:/home/kamil/.gradle/caches/modules-2/files-2.1/com.badlogi
Launcher Type: SUN_STANDARD

Environment Variables:
PATH=/usr/local/bin:/usr/bin:/bin:/usr/local/games:/usr/games
LD_LIBRARY_PATH=/home/kamil/Programowanie/tools/idea-IU-145.597.3/bin:
SHELL=/bin/bash
DISPLAY=:0

Signal Handlers:
SIGSEGV: [libjvm.so+0xabca10], sa_mask[0]=11111111011111111101111111111110, sa_flags=SA_RESTART|SA_SIGINFO
SIGBUS: [libjvm.so+0xabca10], sa_mask[0]=11111111011111111101111111111110, sa_flags=SA_RESTART|SA_SIGINFO
SIGFPE: [libjvm.so+0x919a20], sa_mask[0]=11111111011111111101111111111110, sa_flags=SA_RESTART|SA_SIGINFO
SIGPIPE: [libjvm.so+0x919a20], sa_mask[0]=11111111011111111101111111111110, sa_flags=SA_RESTART|SA_SIGINFO
SIGXFSZ: [libjvm.so+0x919a20], sa_mask[0]=11111111011111111101111111111110, sa_flags=SA_RESTART|SA_SIGINFO
SIGILL: [libjvm.so+0x919a20], sa_mask[0]=11111111011111111101111111111110, sa_flags=SA_RESTART|SA_SIGINFO
SIGUSR1: SIG_DFL, sa_mask[0]=00000000000000000000000000000000, sa_flags=none
SIGUSR2: [libjvm.so+0x91b050], sa_mask[0]=00100000000000000000000000000000, sa_flags=SA_RESTART|SA_SIGINFO
SIGHUP: [libjvm.so+0x91c450], sa_mask[0]=11111111011111111101111111111110, sa_flags=SA_RESTART|SA_SIGINFO
SIGINT: [libjvm.so+0x91c450], sa_mask[0]=11111111011111111101111111111110, sa_flags=SA_RESTART|SA_SIGINFO
SIGTERM: [libjvm.so+0x91c450], sa_mask[0]=11111111011111111101111111111110, sa_flags=SA_RESTART|SA_SIGINFO
SIGQUIT: [libjvm.so+0x91c450], sa_mask[0]=11111111011111111101111111111110, sa_flags=SA_RESTART|SA_SIGINFO


---------------  S Y S T E M  ---------------

OS:PRETTY_NAME="Debian GNU/Linux stretch/sid"
NAME="Debian GNU/Linux"
ID=debian
HOME_URL="https://www.debian.org/"
SUPPORT_URL="https://www.debian.org/support"
BUG_REPORT_URL="https://bugs.debian.org/"

uname:Linux 4.5.0-2-amd64 #1 SMP Debian 4.5.3-2 (2016-05-08) x86_64
libc:glibc 2.22 NPTL 2.22 
rlimit: STACK 8192k, CORE 0k, NPROC 31795, NOFILE 65536, AS infinity
load average:0,56 0,39 0,42

/proc/meminfo:
MemTotal:        8170536 kB
MemFree:           87456 kB
MemAvailable:    2288404 kB
Buffers:          309348 kB
Cached:          1912868 kB
SwapCached:           28 kB
Active:          5828592 kB
Inactive:        1878556 kB
Active(anon):    4703352 kB
Inactive(anon):   854000 kB
Active(file):    1125240 kB
Inactive(file):  1024556 kB
Unevictable:           0 kB
Mlocked:               0 kB
SwapTotal:       4900860 kB
SwapFree:        4893948 kB
Dirty:              9988 kB
Writeback:             0 kB
AnonPages:       5484988 kB
Mapped:           480600 kB
Shmem:             72424 kB
Slab:             179184 kB
SReclaimable:     130336 kB
SUnreclaim:        48848 kB
KernelStack:       10656 kB
PageTables:        36640 kB
NFS_Unstable:          0 kB
Bounce:                0 kB
WritebackTmp:          0 kB
CommitLimit:     8986128 kB
Committed_AS:    8978616 kB
VmallocTotal:   34359738367 kB
VmallocUsed:           0 kB
VmallocChunk:          0 kB
HardwareCorrupted:     0 kB
AnonHugePages:         0 kB
HugePages_Total:       0
HugePages_Free:        0
HugePages_Rsvd:        0
HugePages_Surp:        0
Hugepagesize:       2048 kB
DirectMap4k:     1822528 kB
DirectMap2M:     6557696 kB


CPU:total 4 (4 cores per cpu, 1 threads per core) family 6 model 30 stepping 5, cmov, cx8, fxsr, mmx, sse, sse2, sse3, ssse3, sse4.1, sse4.2, popcnt, tsc, tscinvbit

/proc/cpuinfo:
processor	: 0
vendor_id	: GenuineIntel
cpu family	: 6
model		: 30
model name	: Intel(R) Core(TM) i5 CPU         760  @ 2.80GHz
stepping	: 5
microcode	: 0x7
cpu MHz		: 3465.006
cache size	: 8192 KB
physical id	: 0
siblings	: 4
core id		: 0
cpu cores	: 4
apicid		: 0
initial apicid	: 0
fpu		: yes
fpu_exception	: yes
cpuid level	: 11
wp		: yes
flags		: fpu vme de pse tsc msr pae mce cx8 apic sep mtrr pge mca cmov pat pse36 clflush dts acpi mmx fxsr sse sse2 ss ht tm pbe syscall nx rdtscp lm constant_tsc arch_perfmon pebs bts rep_good nopl xtopology nonstop_tsc aperfmperf pni dtes64 monitor ds_cpl vmx smx est tm2 ssse3 cx16 xtpr pdcm sse4_1 sse4_2 popcnt lahf_lm tpr_shadow vnmi flexpriority ept vpid dtherm
bugs		:
bogomips	: 6930.01
clflush size	: 64
cache_alignment	: 64
address sizes	: 36 bits physical, 48 bits virtual
power management:

processor	: 1
vendor_id	: GenuineIntel
cpu family	: 6
model		: 30
model name	: Intel(R) Core(TM) i5 CPU         760  @ 2.80GHz
stepping	: 5
microcode	: 0x7
cpu MHz		: 3465.006
cache size	: 8192 KB
physical id	: 0
siblings	: 4
core id		: 1
cpu cores	: 4
apicid		: 2
initial apicid	: 2
fpu		: yes
fpu_exception	: yes
cpuid level	: 11
wp		: yes
flags		: fpu vme de pse tsc msr pae mce cx8 apic sep mtrr pge mca cmov pat pse36 clflush dts acpi mmx fxsr sse sse2 ss ht tm pbe syscall nx rdtscp lm constant_tsc arch_perfmon pebs bts rep_good nopl xtopology nonstop_tsc aperfmperf pni dtes64 monitor ds_cpl vmx smx est tm2 ssse3 cx16 xtpr pdcm sse4_1 sse4_2 popcnt lahf_lm tpr_shadow vnmi flexpriority ept vpid dtherm
bugs		:
bogomips	: 6930.01
clflush size	: 64
cache_alignment	: 64
address sizes	: 36 bits physical, 48 bits virtual
power management:

processor	: 2
vendor_id	: GenuineIntel
cpu family	: 6
model		: 30
model name	: Intel(R) Core(TM) i5 CPU         760  @ 2.80GHz
stepping	: 5
microcode	: 0x7
cpu MHz		: 3465.006
cache size	: 8192 KB
physical id	: 0
siblings	: 4
core id		: 2
cpu cores	: 4
apicid		: 4
initial apicid	: 4
fpu		: yes
fpu_exception	: yes
cpuid level	: 11
wp		: yes
flags		: fpu vme de pse tsc msr pae mce cx8 apic sep mtrr pge mca cmov pat pse36 clflush dts acpi mmx fxsr sse sse2 ss ht tm pbe syscall nx rdtscp lm constant_tsc arch_perfmon pebs bts rep_good nopl xtopology nonstop_tsc aperfmperf pni dtes64 monitor ds_cpl vmx smx est tm2 ssse3 cx16 xtpr pdcm sse4_1 sse4_2 popcnt lahf_lm tpr_shadow vnmi flexpriority ept vpid dtherm
bugs		:
bogomips	: 6930.01
clflush size	: 64
cache_alignment	: 64
address sizes	: 36 bits physical, 48 bits virtual
power management:

processor	: 3
vendor_id	: GenuineIntel
cpu family	: 6
model		: 30
model name	: Intel(R) Core(TM) i5 CPU         760  @ 2.80GHz
stepping	: 5
microcode	: 0x7
cpu MHz		: 3465.006
cache size	: 8192 KB
physical id	: 0
siblings	: 4
core id		: 3
cpu cores	: 4
apicid		: 6
initial apicid	: 6
fpu		: yes
fpu_exception	: yes
cpuid level	: 11
wp		: yes
flags		: fpu vme de pse tsc msr pae mce cx8 apic sep mtrr pge mca cmov pat pse36 clflush dts acpi mmx fxsr sse sse2 ss ht tm pbe syscall nx rdtscp lm constant_tsc arch_perfmon pebs bts rep_good nopl xtopology nonstop_tsc aperfmperf pni dtes64 monitor ds_cpl vmx smx est tm2 ssse3 cx16 xtpr pdcm sse4_1 sse4_2 popcnt lahf_lm tpr_shadow vnmi flexpriority ept vpid dtherm
bugs		:
bogomips	: 6930.01
clflush size	: 64
cache_alignment	: 64
address sizes	: 36 bits physical, 48 bits virtual
power management:



Memory: 4k page, physical 8170536k(87456k free), swap 4900860k(4893948k free)

vm_info: Java HotSpot(TM) 64-Bit Server VM (25.91-b14) for linux-amd64 JRE (1.8.0_91-b14), built on Apr  1 2016 00:57:21 by "java_re" with gcc 4.3.0 20080428 (Red Hat 4.3.0-8)

time: Sun May 15 19:32:56 2016
elapsed time: 16 seconds (0d 0h 0m 16s)

